#
# There is insufficient memory for the Java Runtime Environment to continue.
# Native memory allocation (malloc) failed to allocate 1601296 bytes for Chunk::new
# Possible reasons:
#   The system is out of physical RAM or swap space
#   The process is running with CompressedOops enabled, and the Java Heap may be blocking the growth of the native heap
# Possible solutions:
#   Reduce memory load on the system
#   Increase physical memory or swap space
#   Check if swap backing store is full
#   Decrease Java heap size (-Xmx/-Xms)
#   Decrease number of Java threads
#   Decrease Java thread stack sizes (-Xss)
#   Set larger code cache with -XX:ReservedCodeCacheSize=
#   JVM is running with Unscaled Compressed Oops mode in which the Java heap is
#     placed in the first 4GB address space. The Java Heap base address is the
#     maximum limit for the native heap growth. Please use -XX:HeapBaseMinAddress
#     to set the Java Heap base and to place the Java Heap above 4GB virtual address.
# This output file may be truncated or incomplete.
#
#  Out of Memory Error (allocation.cpp:389), pid=9828, tid=0x0000000000003e7c
#
# JRE version: OpenJDK Runtime Environment (8.0_212-b04) (build 1.8.0_212-release-1586-b04)
# Java VM: OpenJDK 64-Bit Server VM (25.212-b04 mixed mode windows-amd64 compressed oops)
# Failed to write core dump. Minidumps are not enabled by default on client versions of Windows
#

---------------  T H R E A D  ---------------

Current thread (0x0000000018a94000):  JavaThread "C2 CompilerThread2" daemon [_thread_in_native, id=15996, stack(0x0000000019560000,0x0000000019660000)]

Stack: [0x0000000019560000,0x0000000019660000]
[error occurred during error reporting (printing stack bounds), id 0xc0000005]

Native frames: (J=compiled Java code, j=interpreted, Vv=VM code, C=native code)


Current CompileTask:
C2:  19474 8166       4       com.android.utils.XmlUtils::append (639 bytes)


---------------  P R O C E S S  ---------------

Java Threads: ( => current thread )
  0x0000000019ee4000 JavaThread "stdout" [_thread_in_native, id=796, stack(0x0000000027480000,0x0000000027580000)]
  0x0000000019ee8800 JavaThread "stderr" [_thread_in_native, id=6476, stack(0x0000000027380000,0x0000000027480000)]
  0x0000000019ee3000 JavaThread "pool-2-thread-1" [_thread_blocked, id=3440, stack(0x0000000027080000,0x0000000027180000)]
  0x0000000019ee2800 JavaThread "WorkerExecutor Queue" [_thread_blocked, id=1960, stack(0x0000000026f80000,0x0000000027080000)]
  0x0000000019ee7000 JavaThread "Cache worker for execution history cache (C:\Users\saksh\AndroidStudioProjects\police\.gradle\5.6.4\executionHistory)" [_thread_blocked, id=1724, stack(0x0000000026c80000,0x0000000026d80000)]
  0x0000000019ee9000 JavaThread "Execution worker for ':' Thread 7" [_thread_blocked, id=9020, stack(0x0000000026980000,0x0000000026a80000)]
  0x0000000019ee5800 JavaThread "Execution worker for ':' Thread 6" [_thread_in_Java, id=3692, stack(0x0000000026880000,0x0000000026980000)]
  0x000000001b5d5000 JavaThread "Execution worker for ':' Thread 5" [_thread_blocked, id=16148, stack(0x0000000026780000,0x0000000026880000)]
  0x000000001b5d4000 JavaThread "Execution worker for ':' Thread 4" [_thread_blocked, id=9880, stack(0x0000000026680000,0x0000000026780000)]
  0x000000001b5d3800 JavaThread "Execution worker for ':' Thread 3" [_thread_blocked, id=12220, stack(0x0000000026580000,0x0000000026680000)]
  0x000000001b5d2800 JavaThread "Execution worker for ':' Thread 2" [_thread_blocked, id=15148, stack(0x0000000026480000,0x0000000026580000)]
  0x000000001b5d7000 JavaThread "Execution worker for ':'" [_thread_blocked, id=8304, stack(0x0000000025f20000,0x0000000026020000)]
  0x000000001b5d6800 JavaThread "Cache worker for file content cache (C:\Users\saksh\AndroidStudioProjects\police\.gradle\5.6.4\fileContent)" [_thread_blocked, id=4128, stack(0x0000000025920000,0x0000000025a20000)]
  0x000000001b5d5800 JavaThread "Cache worker for file content cache (C:\Users\saksh\.gradle\caches\5.6.4\fileContent)" [_thread_blocked, id=6228, stack(0x0000000025820000,0x0000000025920000)]
  0x000000001b5cb000 JavaThread "Memory manager" [_thread_blocked, id=7848, stack(0x0000000023eb0000,0x0000000023fb0000)]
  0x000000001b5d1000 JavaThread "Cache worker for Build Output Cleanup Cache (C:\Users\saksh\AndroidStudioProjects\police\.gradle\buildOutputCleanup)" [_thread_blocked, id=9612, stack(0x0000000023db0000,0x0000000023eb0000)]
  0x000000001b5d0800 JavaThread "pool-1-thread-1" [_thread_blocked, id=14448, stack(0x0000000023ab0000,0x0000000023bb0000)]
  0x000000001b5ca800 JavaThread "Build operations Thread 8" [_thread_blocked, id=11744, stack(0x00000000235b0000,0x00000000236b0000)]
  0x000000001b5cf800 JavaThread "Build operations Thread 7" [_thread_blocked, id=12712, stack(0x00000000234b0000,0x00000000235b0000)]
  0x000000001b5c8000 JavaThread "Build operations Thread 6" [_thread_blocked, id=10176, stack(0x00000000233b0000,0x00000000234b0000)]
  0x000000001b5cd800 JavaThread "Build operations Thread 5" [_thread_blocked, id=9368, stack(0x00000000232b0000,0x00000000233b0000)]
  0x000000001b5cc800 JavaThread "Build operations Thread 4" [_thread_blocked, id=15388, stack(0x00000000231b0000,0x00000000232b0000)]
  0x000000001b5cf000 JavaThread "Build operations Thread 3" [_thread_blocked, id=10444, stack(0x00000000230b0000,0x00000000231b0000)]
  0x000000001b5cc000 JavaThread "Build operations Thread 2" [_thread_blocked, id=9900, stack(0x0000000022fb0000,0x00000000230b0000)]
  0x000000001b5c9800 JavaThread "Build operations" [_thread_blocked, id=14916, stack(0x0000000022680000,0x0000000022780000)]
  0x000000001b5ce000 JavaThread "Cache worker for execution history cache (C:\Users\saksh\.gradle\caches\5.6.4\executionHistory)" [_thread_blocked, id=12580, stack(0x00000000227c0000,0x00000000228c0000)]
  0x0000000019a84000 JavaThread "Cache worker for cache directory md-rule (C:\Users\saksh\.gradle\caches\5.6.4\md-rule)" [_thread_blocked, id=4496, stack(0x0000000022580000,0x0000000022680000)]
  0x0000000019a81000 JavaThread "Cache worker for cache directory md-supplier (C:\Users\saksh\.gradle\caches\5.6.4\md-supplier)" [_thread_blocked, id=4948, stack(0x000000001fd20000,0x000000001fe20000)]
  0x0000000019a83800 JavaThread "Cache worker for file hash cache (C:\Users\saksh\AndroidStudioProjects\police\.gradle\5.6.4\fileHashes)" [_thread_blocked, id=7440, stack(0x000000001fee0000,0x000000001ffe0000)]
  0x0000000019a82000 JavaThread "Cache worker for journal cache (C:\Users\saksh\.gradle\caches\journal-1)" [_thread_blocked, id=6596, stack(0x000000001d680000,0x000000001d780000)]
  0x0000000019a82800 JavaThread "File lock request listener" [_thread_in_native, id=10724, stack(0x000000001d580000,0x000000001d680000)]
  0x0000000018e26800 JavaThread "Cache worker for file hash cache (C:\Users\saksh\.gradle\caches\5.6.4\fileHashes)" [_thread_blocked, id=13772, stack(0x000000001d480000,0x000000001d580000)]
  0x000000001b55b800 JavaThread "Thread-9" [_thread_blocked, id=1768, stack(0x000000001d380000,0x000000001d480000)]
  0x000000001b55b000 JavaThread "Stdin handler" [_thread_blocked, id=11464, stack(0x000000001d280000,0x000000001d380000)]
  0x000000001b4f0000 JavaThread "Asynchronous log dispatcher for DefaultDaemonConnection: socket connection from /127.0.0.1:51439 to /127.0.0.1:51440" [_thread_blocked, id=6380, stack(0x000000001d080000,0x000000001d180000)]
  0x000000001b491800 JavaThread "Daemon worker" [_thread_blocked, id=13464, stack(0x000000001cf80000,0x000000001d080000)]
  0x000000001b4a2000 JavaThread "Cancel handler" [_thread_blocked, id=10072, stack(0x000000001ce80000,0x000000001cf80000)]
  0x000000001b49b000 JavaThread "Handler for socket connection from /127.0.0.1:51439 to /127.0.0.1:51440" [_thread_in_native, id=6156, stack(0x000000001cb80000,0x000000001cc80000)]
  0x000000001b46e000 JavaThread "Daemon" [_thread_blocked, id=1264, stack(0x000000001ca80000,0x000000001cb80000)]
  0x000000001b45b800 JavaThread "Daemon periodic checks" [_thread_blocked, id=14812, stack(0x000000001c980000,0x000000001ca80000)]
  0x000000001b442000 JavaThread "Incoming local TCP Connector on port 51439" [_thread_in_native, id=3716, stack(0x000000001c740000,0x000000001c840000)]
  0x000000001b3aa800 JavaThread "Daemon health stats" [_thread_blocked, id=16120, stack(0x000000001c100000,0x000000001c200000)]
  0x0000000018aa5800 JavaThread "Service Thread" daemon [_thread_blocked, id=11120, stack(0x0000000019760000,0x0000000019860000)]
  0x0000000016c8e000 JavaThread "C1 CompilerThread3" daemon [_thread_blocked, id=14620, stack(0x0000000019660000,0x0000000019760000)]
=>0x0000000018a94000 JavaThread "C2 CompilerThread2" daemon [_thread_in_native, id=15996, stack(0x0000000019560000,0x0000000019660000)]
  0x0000000018a91000 JavaThread "C2 CompilerThread1" daemon [_thread_blocked, id=11384, stack(0x0000000019460000,0x0000000019560000)]
  0x0000000018a8e000 JavaThread "C2 CompilerThread0" daemon [_thread_blocked, id=16008, stack(0x0000000019360000,0x0000000019460000)]
  0x0000000018a8b800 JavaThread "Attach Listener" daemon [_thread_blocked, id=15888, stack(0x0000000019260000,0x0000000019360000)]
  0x0000000018a95800 JavaThread "Signal Dispatcher" daemon [_thread_blocked, id=9752, stack(0x0000000019160000,0x0000000019260000)]
  0x0000000002ebe000 JavaThread "Finalizer" daemon [_thread_blocked, id=14280, stack(0x0000000018f60000,0x0000000019060000)]
  0x0000000002eb5000 JavaThread "Reference Handler" daemon [_thread_blocked, id=14432, stack(0x0000000018e60000,0x0000000018f60000)]
  0x0000000002cbe800 JavaThread "main" [_thread_blocked, id=8540, stack(0x0000000002cc0000,0x0000000002dc0000)]

Other Threads:
  0x0000000016c78000 VMThread [stack: 0x0000000018960000,0x0000000018a60000] [id=14492]
  0x0000000018aa6000 WatcherThread [stack: 0x0000000019860000,0x0000000019960000] [id=4680]

VM state:not at safepoint (normal execution)

VM Mutex/Monitor currently owned by a thread: None

heap address: 0x00000000a0000000, size: 1536 MB, Compressed Oops mode: 32-bit
Narrow klass base: 0x0000000000000000, Narrow klass shift: 3
Compressed class space size: 1073741824 Address: 0x0000000100000000

Heap:
 PSYoungGen      total 175616K, used 90032K [0x00000000e0000000, 0x00000000ed400000, 0x0000000100000000)
  eden space 158208K, 47% used [0x00000000e0000000,0x00000000e4941820,0x00000000e9a80000)
  from space 17408K, 86% used [0x00000000e9a80000,0x00000000ea92a9d8,0x00000000eab80000)
  to   space 18432K, 0% used [0x00000000ec200000,0x00000000ec200000,0x00000000ed400000)
 ParOldGen       total 146944K, used 34936K [0x00000000a0000000, 0x00000000a8f80000, 0x00000000e0000000)
  object space 146944K, 23% used [0x00000000a0000000,0x00000000a221e3a8,0x00000000a8f80000)
 Metaspace       used 64648K, capacity 67096K, committed 67352K, reserved 1107968K
  class space    used 8861K, capacity 9398K, committed 9504K, reserved 1048576K

Card table byte_map: [0x0000000012280000,0x0000000012590000] byte_map_base: 0x0000000011d80000

Marking Bits: (ParMarkBitMap*) 0x0000000058129f30
 Begin Bits: [0x0000000012f90000, 0x0000000014790000)
 End Bits:   [0x0000000014790000, 0x0000000015f90000)

Polling page: 0x0000000000e00000

CodeCache: size=245760Kb used=23006Kb max_used=23593Kb free=222753Kb
 bounds [0x0000000002ec0000, 0x0000000004600000, 0x0000000011ec0000]
 total_blobs=7936 nmethods=7108 adapters=739
 compilation: enabled

Compilation events (10 events):
Event: 19.430 Thread 0x0000000016c8e000 nmethod 8352 0x00000000044b0d90 code [0x00000000044b0ee0, 0x00000000044b0ff0]
Event: 19.430 Thread 0x0000000018a91000 nmethod 8353 0x00000000044d1590 code [0x00000000044d16e0, 0x00000000044d17b8]
Event: 19.454 Thread 0x0000000016c8e000 8354       3       com.sun.org.apache.xerces.internal.impl.XMLDocumentScannerImpl::getFeatureDefault (40 bytes)
Event: 19.454 Thread 0x0000000016c8e000 nmethod 8354 0x000000000348d050 code [0x000000000348d1e0, 0x000000000348d598]
Event: 19.454 Thread 0x0000000016c8e000 8355       3       com.sun.org.apache.xerces.internal.impl.XMLEntityManager::getPropertyDefault (36 bytes)
Event: 19.455 Thread 0x0000000018a8e000 8356       4       com.sun.org.apache.xerces.internal.impl.XMLDocumentFragmentScannerImpl::getCharacterData (17 bytes)
Event: 19.455 Thread 0x0000000016c8e000 nmethod 8355 0x00000000034bd7d0 code [0x00000000034bd960, 0x00000000034bdcc8]
Event: 19.455 Thread 0x0000000016c8e000 8357       3       com.sun.org.apache.xerces.internal.util.SymbolTable::addSymbol0 (103 bytes)
Event: 19.455 Thread 0x0000000018a8e000 nmethod 8356 0x000000000426dd10 code [0x000000000426de40, 0x000000000426deb8]
Event: 19.456 Thread 0x0000000016c8e000 nmethod 8357 0x000000000410fc90 code [0x000000000410fe80, 0x0000000004110678]

GC Heap History (10 events):
Event: 9.162 GC heap before
{Heap before GC invocations=12 (full 2):
 PSYoungGen      total 113664K, used 102400K [0x00000000e0000000, 0x00000000ea000000, 0x0000000100000000)
  eden space 102400K, 100% used [0x00000000e0000000,0x00000000e6400000,0x00000000e6400000)
  from space 11264K, 0% used [0x00000000e6400000,0x00000000e6400000,0x00000000e6f00000)
  to   space 12800K, 0% used [0x00000000e9380000,0x00000000e9380000,0x00000000ea000000)
 ParOldGen       total 96768K, used 18387K [0x00000000a0000000, 0x00000000a5e80000, 0x00000000e0000000)
  object space 96768K, 19% used [0x00000000a0000000,0x00000000a11f4dd8,0x00000000a5e80000)
 Metaspace       used 45085K, capacity 46082K, committed 46376K, reserved 1089536K
  class space    used 6050K, capacity 6325K, committed 6448K, reserved 1048576K
Event: 9.178 GC heap after
Heap after GC invocations=12 (full 2):
 PSYoungGen      total 140288K, used 12781K [0x00000000e0000000, 0x00000000ea000000, 0x0000000100000000)
  eden space 127488K, 0% used [0x00000000e0000000,0x00000000e0000000,0x00000000e7c80000)
  from space 12800K, 99% used [0x00000000e9380000,0x00000000e9ffb4f0,0x00000000ea000000)
  to   space 14336K, 0% used [0x00000000e8400000,0x00000000e8400000,0x00000000e9200000)
 ParOldGen       total 96768K, used 18899K [0x00000000a0000000, 0x00000000a5e80000, 0x00000000e0000000)
  object space 96768K, 19% used [0x00000000a0000000,0x00000000a1274f68,0x00000000a5e80000)
 Metaspace       used 45085K, capacity 46082K, committed 46376K, reserved 1089536K
  class space    used 6050K, capacity 6325K, committed 6448K, reserved 1048576K
}
Event: 11.002 GC heap before
{Heap before GC invocations=13 (full 2):
 PSYoungGen      total 140288K, used 140269K [0x00000000e0000000, 0x00000000ea000000, 0x0000000100000000)
  eden space 127488K, 100% used [0x00000000e0000000,0x00000000e7c80000,0x00000000e7c80000)
  from space 12800K, 99% used [0x00000000e9380000,0x00000000e9ffb4f0,0x00000000ea000000)
  to   space 14336K, 0% used [0x00000000e8400000,0x00000000e8400000,0x00000000e9200000)
 ParOldGen       total 96768K, used 18899K [0x00000000a0000000, 0x00000000a5e80000, 0x00000000e0000000)
  object space 96768K, 19% used [0x00000000a0000000,0x00000000a1274f68,0x00000000a5e80000)
 Metaspace       used 53526K, capacity 55112K, committed 55464K, reserved 1097728K
  class space    used 7382K, capacity 7756K, committed 7856K, reserved 1048576K
Event: 11.034 GC heap after
Heap after GC invocations=13 (full 2):
 PSYoungGen      total 149504K, used 13480K [0x00000000e0000000, 0x00000000ebb00000, 0x0000000100000000)
  eden space 135168K, 0% used [0x00000000e0000000,0x00000000e0000000,0x00000000e8400000)
  from space 14336K, 94% used [0x00000000e8400000,0x00000000e912a3c0,0x00000000e9200000)
  to   space 15872K, 0% used [0x00000000eab80000,0x00000000eab80000,0x00000000ebb00000)
 ParOldGen       total 96768K, used 24655K [0x00000000a0000000, 0x00000000a5e80000, 0x00000000e0000000)
  object space 96768K, 25% used [0x00000000a0000000,0x00000000a1813fc0,0x00000000a5e80000)
 Metaspace       used 53526K, capacity 55112K, committed 55464K, reserved 1097728K
  class space    used 7382K, capacity 7756K, committed 7856K, reserved 1048576K
}
Event: 12.340 GC heap before
{Heap before GC invocations=14 (full 2):
 PSYoungGen      total 149504K, used 69686K [0x00000000e0000000, 0x00000000ebb00000, 0x0000000100000000)
  eden space 135168K, 41% used [0x00000000e0000000,0x00000000e36e35a0,0x00000000e8400000)
  from space 14336K, 94% used [0x00000000e8400000,0x00000000e912a3c0,0x00000000e9200000)
  to   space 15872K, 0% used [0x00000000eab80000,0x00000000eab80000,0x00000000ebb00000)
 ParOldGen       total 96768K, used 24655K [0x00000000a0000000, 0x00000000a5e80000, 0x00000000e0000000)
  object space 96768K, 25% used [0x00000000a0000000,0x00000000a1813fc0,0x00000000a5e80000)
 Metaspace       used 57279K, capacity 59008K, committed 59160K, reserved 1099776K
  class space    used 7922K, capacity 8374K, committed 8480K, reserved 1048576K
Event: 12.358 GC heap after
Heap after GC invocations=14 (full 2):
 PSYoungGen      total 174080K, used 14242K [0x00000000e0000000, 0x00000000ec700000, 0x0000000100000000)
  eden space 158208K, 0% used [0x00000000e0000000,0x00000000e0000000,0x00000000e9a80000)
  from space 15872K, 89% used [0x00000000eab80000,0x00000000eb968958,0x00000000ebb00000)
  to   space 17408K, 0% used [0x00000000e9a80000,0x00000000e9a80000,0x00000000eab80000)
 ParOldGen       total 96768K, used 24663K [0x00000000a0000000, 0x00000000a5e80000, 0x00000000e0000000)
  object space 96768K, 25% used [0x00000000a0000000,0x00000000a1815fc0,0x00000000a5e80000)
 Metaspace       used 57279K, capacity 59008K, committed 59160K, reserved 1099776K
  class space    used 7922K, capacity 8374K, committed 8480K, reserved 1048576K
}
Event: 12.358 GC heap before
{Heap before GC invocations=15 (full 3):
 PSYoungGen      total 174080K, used 14242K [0x00000000e0000000, 0x00000000ec700000, 0x0000000100000000)
  eden space 158208K, 0% used [0x00000000e0000000,0x00000000e0000000,0x00000000e9a80000)
  from space 15872K, 89% used [0x00000000eab80000,0x00000000eb968958,0x00000000ebb00000)
  to   space 17408K, 0% used [0x00000000e9a80000,0x00000000e9a80000,0x00000000eab80000)
 ParOldGen       total 96768K, used 24663K [0x00000000a0000000, 0x00000000a5e80000, 0x00000000e0000000)
  object space 96768K, 25% used [0x00000000a0000000,0x00000000a1815fc0,0x00000000a5e80000)
 Metaspace       used 57279K, capacity 59008K, committed 59160K, reserved 1099776K
  class space    used 7922K, capacity 8374K, committed 8480K, reserved 1048576K
Event: 12.753 GC heap after
Heap after GC invocations=15 (full 3):
 PSYoungGen      total 174080K, used 0K [0x00000000e0000000, 0x00000000ec700000, 0x0000000100000000)
  eden space 158208K, 0% used [0x00000000e0000000,0x00000000e0000000,0x00000000e9a80000)
  from space 15872K, 0% used [0x00000000eab80000,0x00000000eab80000,0x00000000ebb00000)
  to   space 17408K, 0% used [0x00000000e9a80000,0x00000000e9a80000,0x00000000eab80000)
 ParOldGen       total 146944K, used 34928K [0x00000000a0000000, 0x00000000a8f80000, 0x00000000e0000000)
  object space 146944K, 23% used [0x00000000a0000000,0x00000000a221c3a8,0x00000000a8f80000)
 Metaspace       used 57279K, capacity 59008K, committed 59160K, reserved 1099776K
  class space    used 7922K, capacity 8374K, committed 8480K, reserved 1048576K
}
Event: 17.634 GC heap before
{Heap before GC invocations=16 (full 3):
 PSYoungGen      total 174080K, used 158208K [0x00000000e0000000, 0x00000000ec700000, 0x0000000100000000)
  eden space 158208K, 100% used [0x00000000e0000000,0x00000000e9a80000,0x00000000e9a80000)
  from space 15872K, 0% used [0x00000000eab80000,0x00000000eab80000,0x00000000ebb00000)
  to   space 17408K, 0% used [0x00000000e9a80000,0x00000000e9a80000,0x00000000eab80000)
 ParOldGen       total 146944K, used 34928K [0x00000000a0000000, 0x00000000a8f80000, 0x00000000e0000000)
  object space 146944K, 23% used [0x00000000a0000000,0x00000000a221c3a8,0x00000000a8f80000)
 Metaspace       used 62131K, capacity 64468K, committed 64664K, reserved 1105920K
  class space    used 8548K, capacity 9036K, committed 9120K, reserved 1048576K
Event: 17.653 GC heap after
Heap after GC invocations=16 (full 3):
 PSYoungGen      total 175616K, used 15018K [0x00000000e0000000, 0x00000000ed400000, 0x0000000100000000)
  eden space 158208K, 0% used [0x00000000e0000000,0x00000000e0000000,0x00000000e9a80000)
  from space 17408K, 86% used [0x00000000e9a80000,0x00000000ea92a9d8,0x00000000eab80000)
  to   space 18432K, 0% used [0x00000000ec200000,0x00000000ec200000,0x00000000ed400000)
 ParOldGen       total 146944K, used 34936K [0x00000000a0000000, 0x00000000a8f80000, 0x00000000e0000000)
  object space 146944K, 23% used [0x00000000a0000000,0x00000000a221e3a8,0x00000000a8f80000)
 Metaspace       used 62131K, capacity 64468K, committed 64664K, reserved 1105920K
  class space    used 8548K, capacity 9036K, committed 9120K, reserved 1048576K
}

Deoptimization events (10 events):
Event: 19.111 Thread 0x0000000019ee2800 Uncommon trap: reason=bimorphic action=maybe_recompile pc=0x0000000003143564 method=java.io.DataInputStream.readChar()C @ 4
Event: 19.113 Thread 0x0000000019ee2800 Uncommon trap: reason=bimorphic action=maybe_recompile pc=0x0000000003143564 method=java.io.DataInputStream.readChar()C @ 4
Event: 19.114 Thread 0x0000000019ee2800 Uncommon trap: reason=bimorphic action=maybe_recompile pc=0x0000000003143564 method=java.io.DataInputStream.readChar()C @ 4
Event: 19.115 Thread 0x0000000019ee2800 Uncommon trap: reason=bimorphic action=maybe_recompile pc=0x0000000003143564 method=java.io.DataInputStream.readChar()C @ 4
Event: 19.119 Thread 0x0000000019ee9000 Uncommon trap: reason=class_check action=maybe_recompile pc=0x00000000045d7030 method=com.google.common.base.CharMatcher.indexIn(Ljava/lang/CharSequence;I)I @ 31
Event: 19.119 Thread 0x0000000019ee9000 Uncommon trap: reason=class_check action=maybe_recompile pc=0x00000000045d7030 method=com.google.common.base.CharMatcher.indexIn(Ljava/lang/CharSequence;I)I @ 31
Event: 19.119 Thread 0x0000000019ee9000 Uncommon trap: reason=class_check action=maybe_recompile pc=0x00000000045d7030 method=com.google.common.base.CharMatcher.indexIn(Ljava/lang/CharSequence;I)I @ 31
Event: 19.119 Thread 0x0000000019ee9000 Uncommon trap: reason=class_check action=maybe_recompile pc=0x00000000045d7030 method=com.google.common.base.CharMatcher.indexIn(Ljava/lang/CharSequence;I)I @ 31
Event: 19.402 Thread 0x0000000019ee5800 Uncommon trap: reason=unstable_if action=reinterpret pc=0x0000000004530324 method=com.sun.org.apache.xerces.internal.dom.NodeImpl.getOwnerDocument()Lorg/w3c/dom/Document; @ 4
Event: 19.402 Thread 0x0000000019ee5800 Uncommon trap: reason=unstable_if action=reinterpret pc=0x0000000003e711c0 method=java.util.regex.Pattern$Curly.match(Ljava/util/regex/Matcher;ILjava/lang/CharSequence;)Z @ 45

Classes redefined (0 events):
No events

Internal exceptions (10 events):
Event: 17.775 Thread 0x000000001b491800 Exception <a 'java/lang/NoSuchMethodError': java.lang.Object.lambda$comparingByKey$bbdbfea9$1(Ljava/util/Map$Entry;Ljava/util/Map$Entry;)I> (0x00000000e0829f48) thrown at [D:\src\AOSP-openjdk-cygwin\jdk8u\hotspot\src\share\vm\interpreter\linkResolver.cpp,
Event: 18.116 Thread 0x000000001b491800 Implicit null exception at 0x000000000348a89e to 0x000000000348aa21
Event: 18.489 Thread 0x000000001b491800 Implicit null exception at 0x00000000044b0af5 to 0x00000000044b0b79
Event: 18.491 Thread 0x000000001b491800 Implicit null exception at 0x0000000004540265 to 0x00000000045402b9
Event: 18.853 Thread 0x000000001b491800 Implicit null exception at 0x0000000004552897 to 0x0000000004552bdd
Event: 19.068 Thread 0x000000001b491800 Exception <a 'java/lang/NoSuchMethodError': <clinit>> (0x00000000e3c821f0) thrown at [D:\src\AOSP-openjdk-cygwin\jdk8u\hotspot\src\share\vm\prims\jni.cpp, line 1614]
Event: 19.069 Thread 0x000000001b491800 Exception <a 'java/lang/NoSuchMethodError': <clinit>> (0x00000000e3c96c30) thrown at [D:\src\AOSP-openjdk-cygwin\jdk8u\hotspot\src\share\vm\prims\jni.cpp, line 1614]
Event: 19.072 Thread 0x000000001b491800 Exception <a 'java/lang/NoSuchMethodError': <clinit>> (0x00000000e3cb98f8) thrown at [D:\src\AOSP-openjdk-cygwin\jdk8u\hotspot\src\share\vm\prims\jni.cpp, line 1614]
Event: 19.072 Thread 0x000000001b491800 Exception <a 'java/lang/NoSuchMethodError': <clinit>> (0x00000000e3cbed98) thrown at [D:\src\AOSP-openjdk-cygwin\jdk8u\hotspot\src\share\vm\prims\jni.cpp, line 1614]
Event: 19.074 Thread 0x000000001b491800 Exception <a 'java/lang/NoSuchMethodError': <clinit>> (0x00000000e3cddaa0) thrown at [D:\src\AOSP-openjdk-cygwin\jdk8u\hotspot\src\share\vm\prims\jni.cpp, line 1614]

Events (10 events):
Event: 19.402 Thread 0x0000000019ee5800 DEOPT UNPACKING pc=0x0000000002f0557b sp=0x000000002697b6a0 mode 2
Event: 19.402 Thread 0x0000000019ee5800 Uncommon trap: trap_request=0xffffff65 fr.pc=0x0000000003e711c0
Event: 19.402 Thread 0x0000000019ee5800 DEOPT PACKING pc=0x0000000003e711c0 sp=0x000000002697b400
Event: 19.402 Thread 0x0000000019ee5800 DEOPT UNPACKING pc=0x0000000002f0557b sp=0x000000002697b3a0 mode 2
Event: 19.402 loading class com/android/manifmerger/Actions$AttributeRecord
Event: 19.402 loading class com/android/manifmerger/Actions$AttributeRecord done
Event: 19.403 loading class com/android/manifmerger/XmlNode$NodeName
Event: 19.403 loading class com/android/manifmerger/XmlNode$NodeName done
Event: 19.403 loading class com/android/manifmerger/XmlNode$NodeName
Event: 19.403 loading class com/android/manifmerger/XmlNode$NodeName done


Dynamic libraries:
0x00007ff6866f0000 - 0x00007ff686721000 	C:\Program Files\Android\Android Studio\jre\bin\java.exe
0x00007ffc9d220000 - 0x00007ffc9d410000 	C:\WINDOWS\SYSTEM32\ntdll.dll
0x00007ffc9b590000 - 0x00007ffc9b642000 	C:\WINDOWS\System32\KERNEL32.DLL
0x00007ffc9a200000 - 0x00007ffc9a4a3000 	C:\WINDOWS\System32\KERNELBASE.dll
0x00007ffc9c9c0000 - 0x00007ffc9ca63000 	C:\WINDOWS\System32\ADVAPI32.dll
0x00007ffc9c480000 - 0x00007ffc9c51e000 	C:\WINDOWS\System32\msvcrt.dll
0x00007ffc9b4f0000 - 0x00007ffc9b587000 	C:\WINDOWS\System32\sechost.dll
0x00007ffc9c6c0000 - 0x00007ffc9c7e0000 	C:\WINDOWS\System32\RPCRT4.dll
0x00007ffc9c520000 - 0x00007ffc9c6b4000 	C:\WINDOWS\System32\USER32.dll
0x00007ffc9afd0000 - 0x00007ffc9aff1000 	C:\WINDOWS\System32\win32u.dll
0x00007ffc9c7e0000 - 0x00007ffc9c806000 	C:\WINDOWS\System32\GDI32.dll
0x00007ffc9a680000 - 0x00007ffc9a814000 	C:\WINDOWS\System32\gdi32full.dll
0x00007ffc9b230000 - 0x00007ffc9b2ce000 	C:\WINDOWS\System32\msvcp_win.dll
0x00007ffc9b130000 - 0x00007ffc9b22a000 	C:\WINDOWS\System32\ucrtbase.dll
0x00007ffc86080000 - 0x00007ffc86305000 	C:\WINDOWS\WinSxS\amd64_microsoft.windows.common-controls_6595b64144ccf1df_6.0.18362.720_none_e6beb5c51314836b\COMCTL32.dll
0x00007ffc9b670000 - 0x00007ffc9b9a6000 	C:\WINDOWS\System32\combase.dll
0x00007ffc9b000000 - 0x00007ffc9b080000 	C:\WINDOWS\System32\bcryptPrimitives.dll
0x00007ffc9cb20000 - 0x00007ffc9cb4e000 	C:\WINDOWS\System32\IMM32.DLL
0x0000000058900000 - 0x00000000589d2000 	C:\Program Files\Android\Android Studio\jre\jre\bin\msvcr100.dll
0x0000000057960000 - 0x00000000581a6000 	C:\Program Files\Android\Android Studio\jre\jre\bin\server\jvm.dll
0x00007ffc9c470000 - 0x00007ffc9c478000 	C:\WINDOWS\System32\PSAPI.DLL
0x00007ffc86790000 - 0x00007ffc86799000 	C:\WINDOWS\SYSTEM32\WSOCK32.dll
0x00007ffc96a70000 - 0x00007ffc96a94000 	C:\WINDOWS\SYSTEM32\WINMM.dll
0x00007ffc98c30000 - 0x00007ffc98c3a000 	C:\WINDOWS\SYSTEM32\VERSION.dll
0x00007ffc9c810000 - 0x00007ffc9c87f000 	C:\WINDOWS\System32\WS2_32.dll
0x00007ffc96a40000 - 0x00007ffc96a6d000 	C:\WINDOWS\SYSTEM32\WINMMBASE.dll
0x00007ffc9a1b0000 - 0x00007ffc9a1fa000 	C:\WINDOWS\System32\cfgmgr32.dll
0x00007ffc8b860000 - 0x00007ffc8b86f000 	C:\Program Files\Android\Android Studio\jre\jre\bin\verify.dll
0x00007ffc6f470000 - 0x00007ffc6f499000 	C:\Program Files\Android\Android Studio\jre\jre\bin\java.dll
0x00007ffc82770000 - 0x00007ffc82786000 	C:\Program Files\Android\Android Studio\jre\jre\bin\zip.dll
0x00007ffc9bcd0000 - 0x00007ffc9c3b5000 	C:\WINDOWS\System32\SHELL32.dll
0x00007ffc9ca70000 - 0x00007ffc9cb19000 	C:\WINDOWS\System32\shcore.dll
0x00007ffc9a820000 - 0x00007ffc9afa0000 	C:\WINDOWS\System32\windows.storage.dll
0x00007ffc9a180000 - 0x00007ffc9a1a3000 	C:\WINDOWS\System32\profapi.dll
0x00007ffc9a130000 - 0x00007ffc9a17a000 	C:\WINDOWS\System32\powrprof.dll
0x00007ffc9a0e0000 - 0x00007ffc9a0f0000 	C:\WINDOWS\System32\UMPDC.dll
0x00007ffc9c900000 - 0x00007ffc9c952000 	C:\WINDOWS\System32\shlwapi.dll
0x00007ffc9a110000 - 0x00007ffc9a121000 	C:\WINDOWS\System32\kernel.appcore.dll
0x00007ffc9a4b0000 - 0x00007ffc9a4c7000 	C:\WINDOWS\System32\cryptsp.dll
0x00007ffc6f9c0000 - 0x00007ffc6f9da000 	C:\Program Files\Android\Android Studio\jre\jre\bin\net.dll
0x00007ffc891a0000 - 0x00007ffc89375000 	C:\WINDOWS\SYSTEM32\urlmon.dll
0x00007ffc894a0000 - 0x00007ffc89746000 	C:\WINDOWS\SYSTEM32\iertutil.dll
0x00007ffc99ac0000 - 0x00007ffc99acc000 	C:\WINDOWS\SYSTEM32\CRYPTBASE.DLL
0x00007ffc998f0000 - 0x00007ffc99957000 	C:\WINDOWS\system32\mswsock.dll
0x00007ffc69860000 - 0x00007ffc69873000 	C:\Program Files\Android\Android Studio\jre\jre\bin\nio.dll
0x00007ffc8b660000 - 0x00007ffc8b686000 	C:\Users\saksh\.gradle\native\30\windows-amd64\native-platform.dll
0x00007ffc88610000 - 0x00007ffc8861d000 	C:\Program Files\Android\Android Studio\jre\jre\bin\management.dll
0x00007ffc99460000 - 0x00007ffc99493000 	C:\WINDOWS\system32\rsaenh.dll
0x00007ffc9afa0000 - 0x00007ffc9afc6000 	C:\WINDOWS\System32\bcrypt.dll
0x00007ffc99fd0000 - 0x00007ffc99ff5000 	C:\WINDOWS\SYSTEM32\USERENV.dll
0x00007ffc99600000 - 0x00007ffc9963a000 	C:\WINDOWS\SYSTEM32\IPHLPAPI.DLL
0x00007ffc9b650000 - 0x00007ffc9b658000 	C:\WINDOWS\System32\NSI.dll
0x00007ffc8dac0000 - 0x00007ffc8dad6000 	C:\WINDOWS\SYSTEM32\dhcpcsvc6.DLL
0x00007ffc8ddb0000 - 0x00007ffc8ddcc000 	C:\WINDOWS\SYSTEM32\dhcpcsvc.DLL
0x00007ffc99650000 - 0x00007ffc9971a000 	C:\WINDOWS\SYSTEM32\DNSAPI.dll
0x00007ffc64c90000 - 0x00007ffc64cb4000 	C:\Program Files\Android\Android Studio\jre\jre\bin\sunec.dll
0x00007ffc91060000 - 0x00007ffc9106a000 	C:\Windows\System32\rasadhlp.dll
0x00007ffc8dbb0000 - 0x00007ffc8dc27000 	C:\WINDOWS\System32\fwpuclnt.dll
0x00007ffc98c40000 - 0x00007ffc98c4b000 	C:\Program Files\Android\Android Studio\jre\jre\bin\sunmscapi.dll
0x00007ffc9a530000 - 0x00007ffc9a679000 	C:\WINDOWS\System32\CRYPT32.dll
0x00007ffc9a0f0000 - 0x00007ffc9a102000 	C:\WINDOWS\System32\MSASN1.dll

VM Arguments:
jvm_args: -Xmx1536m -Dfile.encoding=windows-1252 -Duser.country=IN -Duser.language=en -Duser.variant 
java_command: org.gradle.launcher.daemon.bootstrap.GradleDaemon 5.6.4
java_class_path (initial): C:\Users\saksh\.gradle\wrapper\dists\gradle-5.6.4-all\ankdp27end7byghfw1q2sw75f\gradle-5.6.4\lib\gradle-launcher-5.6.4.jar
Launcher Type: SUN_STANDARD

Environment Variables:
PATH=C:\app\saksh\product\11.2.0\dbhome_2\bin;C:\Program Files (x86)\Common Files\Oracle\Java\javapath;C:\Program Files (x86)\Intel\iCLS Client\;C:\Program Files\Intel\iCLS Client\;C:\WINDOWS\system32;C:\WINDOWS;C:\WINDOWS\System32\Wbem;C:\WINDOWS\System32\WindowsPowerShell\v1.0\;C:\WINDOWS\System32\OpenSSH\;C:\Program Files (x86)\Intel\Intel(R) Management Engine Components\DAL;C:\Program Files\Intel\Intel(R) Management Engine Components\DAL;C:\Program Files (x86)\Intel\Intel(R) Management Engine Components\IPT;C:\Program Files\Intel\Intel(R) Management Engine Components\IPT;C:\Program Files\PuTTY\;C:\Program Files\nodejs\;C:\Program Files\Git\cmd;C:\Users\saksh\AppData\Local\Microsoft\WindowsApps;C:\Users\saksh\instantclient-basiclite-windows.x64-19.3.0.0.0dbru;C:\Users\saksh\AppData\Roaming\npm
USERNAME=saksh
OS=Windows_NT
PROCESSOR_IDENTIFIER=Intel64 Family 6 Model 142 Stepping 10, GenuineIntel



---------------  S Y S T E M  ---------------

OS: Windows 10.0 , 64 bit Build 18362 (10.0.18362.329)

CPU:total 8 (initial active 8) (4 cores per cpu, 2 threads per core) family 6 model 142 stepping 10, cmov, cx8, fxsr, mmx, sse, sse2, sse3, ssse3, sse4.1, sse4.2, popcnt, avx, avx2, aes, clmul, erms, 3dnowpref, lzcnt, ht, tsc, tscinvbit, bmi1, bmi2, adx

Memory: 4k page, physical 8295652k(1659324k free), swap 8295652k(5240k free)

vm_info: OpenJDK 64-Bit Server VM (25.212-b04) for windows-amd64 JRE (1.8.0_212-release-1586-b04), built by "builder" with MS VC++ 10.0 (VS2010)

time: Sat Apr 04 20:03:32 2020
timezone: India Standard Time
elapsed time: 19 seconds (0d 0h 0m 19s)

