#
# There is insufficient memory for the Java Runtime Environment to continue.
# Native memory allocation (malloc) failed to allocate 1426736 bytes for Chunk::new
# Possible reasons:
#   The system is out of physical RAM or swap space
#   The process is running with CompressedOops enabled, and the Java Heap may be blocking the growth of the native heap
# Possible solutions:
#   Reduce memory load on the system
#   Increase physical memory or swap space
#   Check if swap backing store is full
#   Decrease Java heap size (-Xmx/-Xms)
#   Decrease number of Java threads
#   Decrease Java thread stack sizes (-Xss)
#   Set larger code cache with -XX:ReservedCodeCacheSize=
#   JVM is running with Unscaled Compressed Oops mode in which the Java heap is
#     placed in the first 4GB address space. The Java Heap base address is the
#     maximum limit for the native heap growth. Please use -XX:HeapBaseMinAddress
#     to set the Java Heap base and to place the Java Heap above 4GB virtual address.
# This output file may be truncated or incomplete.
#
#  Out of Memory Error (allocation.cpp:389), pid=11920, tid=0x0000000000001480
#
# JRE version: OpenJDK Runtime Environment (8.0_212-b04) (build 1.8.0_212-release-1586-b04)
# Java VM: OpenJDK 64-Bit Server VM (25.212-b04 mixed mode windows-amd64 compressed oops)
# Failed to write core dump. Minidumps are not enabled by default on client versions of Windows
#

---------------  T H R E A D  ---------------

Current thread (0x000000001894a800):  JavaThread "C2 CompilerThread1" daemon [_thread_in_native, id=5248, stack(0x0000000019320000,0x0000000019420000)]

Stack: [0x0000000019320000,0x0000000019420000]
[error occurred during error reporting (printing stack bounds), id 0xc0000005]

Native frames: (J=compiled Java code, j=interpreted, Vv=VM code, C=native code)


Current CompileTask:
C2:  23425 5435       4       sun.reflect.generics.parser.SignatureParser::parsePackageNameAndSimpleClassTypeSignature (139 bytes)


---------------  P R O C E S S  ---------------

Java Threads: ( => current thread )
  0x000000001b6a5000 JavaThread "Cache worker for Build Output Cleanup Cache (C:\Users\saksh\AndroidStudioProjects\police\.gradle\buildOutputCleanup)" [_thread_blocked, id=5128, stack(0x00000000243b0000,0x00000000244b0000)]
  0x000000001b69b800 JavaThread "pool-1-thread-1" [_thread_blocked, id=7396, stack(0x0000000024040000,0x0000000024140000)]
  0x000000001b6a2800 JavaThread "Build operations Thread 8" [_thread_blocked, id=5896, stack(0x0000000023900000,0x0000000023a00000)]
  0x000000001b6a1000 JavaThread "Build operations Thread 7" [_thread_blocked, id=6844, stack(0x0000000023800000,0x0000000023900000)]
  0x000000001b6a0000 JavaThread "Build operations Thread 6" [_thread_blocked, id=15124, stack(0x0000000023700000,0x0000000023800000)]
  0x000000001b69e000 JavaThread "Build operations Thread 5" [_thread_blocked, id=8948, stack(0x0000000023600000,0x0000000023700000)]
  0x000000001b69e800 JavaThread "Build operations Thread 4" [_thread_blocked, id=10080, stack(0x0000000023500000,0x0000000023600000)]
  0x000000001b69d000 JavaThread "Build operations Thread 3" [_thread_blocked, id=5244, stack(0x0000000023400000,0x0000000023500000)]
  0x000000001b69b000 JavaThread "Build operations Thread 2" [_thread_blocked, id=14192, stack(0x0000000023300000,0x0000000023400000)]
  0x000000001b6a1800 JavaThread "Build operations" [_thread_blocked, id=14884, stack(0x0000000023200000,0x0000000023300000)]
  0x000000001b69c800 JavaThread "Cache worker for execution history cache (C:\Users\saksh\.gradle\caches\5.6.4\executionHistory)" [_thread_blocked, id=2748, stack(0x0000000021730000,0x0000000021830000)]
  0x000000001b49c800 JavaThread "Cache worker for cache directory md-rule (C:\Users\saksh\.gradle\caches\5.6.4\md-rule)" [_thread_blocked, id=13780, stack(0x0000000021630000,0x0000000021730000)]
  0x000000001b499000 JavaThread "Cache worker for cache directory md-supplier (C:\Users\saksh\.gradle\caches\5.6.4\md-supplier)" [_thread_blocked, id=10464, stack(0x000000001fe70000,0x000000001ff70000)]
  0x000000001b498000 JavaThread "Cache worker for file hash cache (C:\Users\saksh\AndroidStudioProjects\police\.gradle\5.6.4\fileHashes)" [_thread_blocked, id=14120, stack(0x000000001faa0000,0x000000001fba0000)]
  0x000000001b49b000 JavaThread "Cache worker for journal cache (C:\Users\saksh\.gradle\caches\journal-1)" [_thread_blocked, id=9932, stack(0x000000001d540000,0x000000001d640000)]
  0x000000001b499800 JavaThread "File lock request listener" [_thread_in_native, id=7612, stack(0x000000001d440000,0x000000001d540000)]
  0x000000001b49a800 JavaThread "Cache worker for file hash cache (C:\Users\saksh\.gradle\caches\5.6.4\fileHashes)" [_thread_blocked, id=12476, stack(0x000000001d340000,0x000000001d440000)]
  0x000000001b28a800 JavaThread "Thread-9" [_thread_blocked, id=13168, stack(0x000000001d240000,0x000000001d340000)]
  0x000000001b28f000 JavaThread "Stdin handler" [_thread_blocked, id=820, stack(0x000000001d140000,0x000000001d240000)]
  0x000000001b28b800 JavaThread "Asynchronous log dispatcher for DefaultDaemonConnection: socket connection from /127.0.0.1:50282 to /127.0.0.1:50283" [_thread_blocked, id=8496, stack(0x000000001cf40000,0x000000001d040000)]
  0x000000001b1ed800 JavaThread "Daemon worker" [_thread_in_Java, id=10268, stack(0x000000001ce40000,0x000000001cf40000)]
  0x000000001b218000 JavaThread "Cancel handler" [_thread_blocked, id=3964, stack(0x000000001cd40000,0x000000001ce40000)]
  0x000000001b1b5000 JavaThread "Handler for socket connection from /127.0.0.1:50282 to /127.0.0.1:50283" [_thread_in_native, id=14256, stack(0x000000001ca40000,0x000000001cb40000)]
  0x000000001afea800 JavaThread "Daemon" [_thread_blocked, id=14328, stack(0x000000001c940000,0x000000001ca40000)]
  0x000000001b147000 JavaThread "Daemon periodic checks" [_thread_blocked, id=15272, stack(0x000000001c840000,0x000000001c940000)]
  0x000000001b144800 JavaThread "Incoming local TCP Connector on port 50282" [_thread_in_native, id=14116, stack(0x000000001c600000,0x000000001c700000)]
  0x000000001b0ea000 JavaThread "Daemon health stats" [_thread_blocked, id=5840, stack(0x000000001bfc0000,0x000000001c0c0000)]
  0x000000001896f000 JavaThread "Service Thread" daemon [_thread_blocked, id=5564, stack(0x0000000019620000,0x0000000019720000)]
  0x0000000018955800 JavaThread "C1 CompilerThread3" daemon [_thread_in_vm, id=1560, stack(0x0000000019520000,0x0000000019620000)]
  0x000000001894e000 JavaThread "C2 CompilerThread2" daemon [_thread_blocked, id=13824, stack(0x0000000019420000,0x0000000019520000)]
=>0x000000001894a800 JavaThread "C2 CompilerThread1" daemon [_thread_in_native, id=5248, stack(0x0000000019320000,0x0000000019420000)]
  0x0000000018948800 JavaThread "C2 CompilerThread0" daemon [_thread_in_native, id=7820, stack(0x0000000019220000,0x0000000019320000)]
  0x0000000018947800 JavaThread "Attach Listener" daemon [_thread_blocked, id=88, stack(0x0000000019120000,0x0000000019220000)]
  0x0000000018944000 JavaThread "Signal Dispatcher" daemon [_thread_blocked, id=13348, stack(0x0000000019020000,0x0000000019120000)]
  0x0000000016b42800 JavaThread "Finalizer" daemon [_thread_blocked, id=15016, stack(0x0000000018e20000,0x0000000018f20000)]
  0x0000000002d26800 JavaThread "Reference Handler" daemon [_thread_blocked, id=14252, stack(0x0000000018d20000,0x0000000018e20000)]
  0x0000000002d7e000 JavaThread "main" [_thread_blocked, id=9468, stack(0x0000000002b20000,0x0000000002c20000)]

Other Threads:
  0x0000000016b37800 VMThread [stack: 0x0000000018820000,0x0000000018920000] [id=8392]
  0x000000001896f800 WatcherThread [stack: 0x0000000019720000,0x0000000019820000] [id=4176]

VM state:not at safepoint (normal execution)

VM Mutex/Monitor currently owned by a thread: None

heap address: 0x00000000a0000000, size: 1536 MB, Compressed Oops mode: 32-bit
Narrow klass base: 0x0000000000000000, Narrow klass shift: 3
Compressed class space size: 1073741824 Address: 0x0000000100000000

Heap:
 PSYoungGen      total 202752K, used 7018K [0x00000000e0000000, 0x00000000eff80000, 0x0000000100000000)
  eden space 186880K, 3% used [0x00000000e0000000,0x00000000e06daa40,0x00000000eb680000)
  from space 15872K, 0% used [0x00000000eb680000,0x00000000eb680000,0x00000000ec600000)
  to   space 22528K, 0% used [0x00000000ee980000,0x00000000ee980000,0x00000000eff80000)
 ParOldGen       total 142848K, used 40047K [0x00000000a0000000, 0x00000000a8b80000, 0x00000000e0000000)
  object space 142848K, 28% used [0x00000000a0000000,0x00000000a271bf98,0x00000000a8b80000)
 Metaspace       used 57303K, capacity 59232K, committed 59416K, reserved 1099776K
  class space    used 7789K, capacity 8241K, committed 8320K, reserved 1048576K

Card table byte_map: [0x0000000012140000,0x0000000012450000] byte_map_base: 0x0000000011c40000

Marking Bits: (ParMarkBitMap*) 0x0000000062779f30
 Begin Bits: [0x0000000012e50000, 0x0000000014650000)
 End Bits:   [0x0000000014650000, 0x0000000015e50000)

Polling page: 0x0000000000d80000

CodeCache: size=245760Kb used=17689Kb max_used=17690Kb free=228070Kb
 bounds [0x0000000002d80000, 0x0000000003ee0000, 0x0000000011d80000]
 total_blobs=5875 nmethods=5078 adapters=710
 compilation: enabled

Compilation events (10 events):
Event: 23.333 Thread 0x0000000018955800 nmethod 5591 0x0000000003ec8b90 code [0x0000000003ec8d60, 0x0000000003ec9558]
Event: 23.333 Thread 0x0000000018955800 5593       3       org.gradle.internal.reflect.annotations.impl.DefaultPropertyAnnotationMetadata::<init> (34 bytes)
Event: 23.334 Thread 0x0000000018955800 nmethod 5593 0x0000000003ec9a50 code [0x0000000003ec9bc0, 0x0000000003ec9e28]
Event: 23.344 Thread 0x000000001894e000 nmethod 5547 0x0000000003eccad0 code [0x0000000003eccf40, 0x0000000003eceb68]
Event: 23.345 Thread 0x000000001894e000 5553       4       java.util.HashMap::putVal (300 bytes)
Event: 23.353 Thread 0x000000001894e000 nmethod 5553 0x0000000003ecaa10 code [0x0000000003ecaba0, 0x0000000003ecb0b0]
Event: 23.353 Thread 0x000000001894e000 5564       4       org.gradle.internal.instantiation.AbstractClassGenerator$InjectionAnnotationValidator::validateMethod (478 bytes)
Event: 23.386 Thread 0x000000001894e000 nmethod 5564 0x0000000003ed4ad0 code [0x0000000003ed4d20, 0x0000000003ed5e10]
Event: 23.387 Thread 0x000000001894e000 5570       4       com.google.common.collect.RegularImmutableMap::get (101 bytes)
Event: 23.391 Thread 0x000000001894e000 nmethod 5570 0x0000000003eca250 code [0x0000000003eca3a0, 0x0000000003eca6f8]

GC Heap History (10 events):
Event: 12.406 GC heap before
{Heap before GC invocations=8 (full 1):
 PSYoungGen      total 121856K, used 90292K [0x00000000e0000000, 0x00000000e9780000, 0x0000000100000000)
  eden space 114176K, 72% used [0x00000000e0000000,0x00000000e50eee78,0x00000000e6f80000)
  from space 7680K, 96% used [0x00000000e9000000,0x00000000e973e240,0x00000000e9780000)
  to   space 13312K, 0% used [0x00000000e7d80000,0x00000000e7d80000,0x00000000e8a80000)
 ParOldGen       total 58368K, used 7828K [0x00000000a0000000, 0x00000000a3900000, 0x00000000e0000000)
  object space 58368K, 13% used [0x00000000a0000000,0x00000000a07a5380,0x00000000a3900000)
 Metaspace       used 34679K, capacity 35350K, committed 35496K, reserved 1079296K
  class space    used 4602K, capacity 4808K, committed 4864K, reserved 1048576K
Event: 12.424 GC heap after
Heap after GC invocations=8 (full 1):
 PSYoungGen      total 141824K, used 12191K [0x00000000e0000000, 0x00000000ed800000, 0x0000000100000000)
  eden space 128512K, 0% used [0x00000000e0000000,0x00000000e0000000,0x00000000e7d80000)
  from space 13312K, 91% used [0x00000000e7d80000,0x00000000e8967cb0,0x00000000e8a80000)
  to   space 14848K, 0% used [0x00000000ec980000,0x00000000ec980000,0x00000000ed800000)
 ParOldGen       total 58368K, used 7836K [0x00000000a0000000, 0x00000000a3900000, 0x00000000e0000000)
  object space 58368K, 13% used [0x00000000a0000000,0x00000000a07a7380,0x00000000a3900000)
 Metaspace       used 34679K, capacity 35350K, committed 35496K, reserved 1079296K
  class space    used 4602K, capacity 4808K, committed 4864K, reserved 1048576K
}
Event: 12.424 GC heap before
{Heap before GC invocations=9 (full 2):
 PSYoungGen      total 141824K, used 12191K [0x00000000e0000000, 0x00000000ed800000, 0x0000000100000000)
  eden space 128512K, 0% used [0x00000000e0000000,0x00000000e0000000,0x00000000e7d80000)
  from space 13312K, 91% used [0x00000000e7d80000,0x00000000e8967cb0,0x00000000e8a80000)
  to   space 14848K, 0% used [0x00000000ec980000,0x00000000ec980000,0x00000000ed800000)
 ParOldGen       total 58368K, used 7836K [0x00000000a0000000, 0x00000000a3900000, 0x00000000e0000000)
  object space 58368K, 13% used [0x00000000a0000000,0x00000000a07a7380,0x00000000a3900000)
 Metaspace       used 34679K, capacity 35350K, committed 35496K, reserved 1079296K
  class space    used 4602K, capacity 4808K, committed 4864K, reserved 1048576K
Event: 12.595 GC heap after
Heap after GC invocations=9 (full 2):
 PSYoungGen      total 141824K, used 0K [0x00000000e0000000, 0x00000000ed800000, 0x0000000100000000)
  eden space 128512K, 0% used [0x00000000e0000000,0x00000000e0000000,0x00000000e7d80000)
  from space 13312K, 0% used [0x00000000e7d80000,0x00000000e7d80000,0x00000000e8a80000)
  to   space 14848K, 0% used [0x00000000ec980000,0x00000000ec980000,0x00000000ed800000)
 ParOldGen       total 92672K, used 19337K [0x00000000a0000000, 0x00000000a5a80000, 0x00000000e0000000)
  object space 92672K, 20% used [0x00000000a0000000,0x00000000a12e2608,0x00000000a5a80000)
 Metaspace       used 34679K, capacity 35350K, committed 35496K, reserved 1079296K
  class space    used 4602K, capacity 4808K, committed 4864K, reserved 1048576K
}
Event: 18.758 GC heap before
{Heap before GC invocations=10 (full 2):
 PSYoungGen      total 141824K, used 128512K [0x00000000e0000000, 0x00000000ed800000, 0x0000000100000000)
  eden space 128512K, 100% used [0x00000000e0000000,0x00000000e7d80000,0x00000000e7d80000)
  from space 13312K, 0% used [0x00000000e7d80000,0x00000000e7d80000,0x00000000e8a80000)
  to   space 14848K, 0% used [0x00000000ec980000,0x00000000ec980000,0x00000000ed800000)
 ParOldGen       total 92672K, used 19337K [0x00000000a0000000, 0x00000000a5a80000, 0x00000000e0000000)
  object space 92672K, 20% used [0x00000000a0000000,0x00000000a12e2608,0x00000000a5a80000)
 Metaspace       used 42633K, capacity 43920K, committed 44032K, reserved 1087488K
  class space    used 5755K, capacity 6064K, committed 6144K, reserved 1048576K
Event: 18.774 GC heap after
Heap after GC invocations=10 (full 2):
 PSYoungGen      total 190464K, used 11975K [0x00000000e0000000, 0x00000000ed580000, 0x0000000100000000)
  eden space 178176K, 0% used [0x00000000e0000000,0x00000000e0000000,0x00000000eae00000)
  from space 12288K, 97% used [0x00000000ec980000,0x00000000ed531eb8,0x00000000ed580000)
  to   space 15872K, 0% used [0x00000000eb680000,0x00000000eb680000,0x00000000ec600000)
 ParOldGen       total 92672K, used 19345K [0x00000000a0000000, 0x00000000a5a80000, 0x00000000e0000000)
  object space 92672K, 20% used [0x00000000a0000000,0x00000000a12e4608,0x00000000a5a80000)
 Metaspace       used 42633K, capacity 43920K, committed 44032K, reserved 1087488K
  class space    used 5755K, capacity 6064K, committed 6144K, reserved 1048576K
}
Event: 22.790 GC heap before
{Heap before GC invocations=11 (full 2):
 PSYoungGen      total 190464K, used 187760K [0x00000000e0000000, 0x00000000ed580000, 0x0000000100000000)
  eden space 178176K, 98% used [0x00000000e0000000,0x00000000eabaa238,0x00000000eae00000)
  from space 12288K, 97% used [0x00000000ec980000,0x00000000ed531eb8,0x00000000ed580000)
  to   space 15872K, 0% used [0x00000000eb680000,0x00000000eb680000,0x00000000ec600000)
 ParOldGen       total 92672K, used 19345K [0x00000000a0000000, 0x00000000a5a80000, 0x00000000e0000000)
  object space 92672K, 20% used [0x00000000a0000000,0x00000000a12e4608,0x00000000a5a80000)
 Metaspace       used 57084K, capacity 59058K, committed 59160K, reserved 1099776K
  class space    used 7752K, capacity 8231K, committed 8320K, reserved 1048576K
Event: 22.821 GC heap after
Heap after GC invocations=11 (full 2):
 PSYoungGen      total 202752K, used 15868K [0x00000000e0000000, 0x00000000eff80000, 0x0000000100000000)
  eden space 186880K, 0% used [0x00000000e0000000,0x00000000e0000000,0x00000000eb680000)
  from space 15872K, 99% used [0x00000000eb680000,0x00000000ec5ff320,0x00000000ec600000)
  to   space 22528K, 0% used [0x00000000ee980000,0x00000000ee980000,0x00000000eff80000)
 ParOldGen       total 92672K, used 29715K [0x00000000a0000000, 0x00000000a5a80000, 0x00000000e0000000)
  object space 92672K, 32% used [0x00000000a0000000,0x00000000a1d04da0,0x00000000a5a80000)
 Metaspace       used 57084K, capacity 59058K, committed 59160K, reserved 1099776K
  class space    used 7752K, capacity 8231K, committed 8320K, reserved 1048576K
}
Event: 22.821 GC heap before
{Heap before GC invocations=12 (full 3):
 PSYoungGen      total 202752K, used 15868K [0x00000000e0000000, 0x00000000eff80000, 0x0000000100000000)
  eden space 186880K, 0% used [0x00000000e0000000,0x00000000e0000000,0x00000000eb680000)
  from space 15872K, 99% used [0x00000000eb680000,0x00000000ec5ff320,0x00000000ec600000)
  to   space 22528K, 0% used [0x00000000ee980000,0x00000000ee980000,0x00000000eff80000)
 ParOldGen       total 92672K, used 29715K [0x00000000a0000000, 0x00000000a5a80000, 0x00000000e0000000)
  object space 92672K, 32% used [0x00000000a0000000,0x00000000a1d04da0,0x00000000a5a80000)
 Metaspace       used 57084K, capacity 59058K, committed 59160K, reserved 1099776K
  class space    used 7752K, capacity 8231K, committed 8320K, reserved 1048576K
Event: 23.223 GC heap after
Heap after GC invocations=12 (full 3):
 PSYoungGen      total 202752K, used 0K [0x00000000e0000000, 0x00000000eff80000, 0x0000000100000000)
  eden space 186880K, 0% used [0x00000000e0000000,0x00000000e0000000,0x00000000eb680000)
  from space 15872K, 0% used [0x00000000eb680000,0x00000000eb680000,0x00000000ec600000)
  to   space 22528K, 0% used [0x00000000ee980000,0x00000000ee980000,0x00000000eff80000)
 ParOldGen       total 142848K, used 40047K [0x00000000a0000000, 0x00000000a8b80000, 0x00000000e0000000)
  object space 142848K, 28% used [0x00000000a0000000,0x00000000a271bf98,0x00000000a8b80000)
 Metaspace       used 57019K, capacity 58844K, committed 59160K, reserved 1099776K
  class space    used 7733K, capacity 8201K, committed 8320K, reserved 1048576K
}

Deoptimization events (10 events):
Event: 22.054 Thread 0x000000001b1ed800 Uncommon trap: reason=unstable_if action=reinterpret pc=0x00000000036d5510 method=java.lang.AbstractStringBuilder.append(I)Ljava/lang/AbstractStringBuilder; @ 16
Event: 22.054 Thread 0x000000001b1ed800 Uncommon trap: reason=unstable_if action=reinterpret pc=0x00000000036d4708 method=java.lang.Integer.getChars(II[C)V @ 7
Event: 22.192 Thread 0x000000001b1ed800 Uncommon trap: reason=unstable_if action=reinterpret pc=0x00000000030fe3b8 method=com.esotericsoftware.kryo.io.Input.require(I)I @ 65
Event: 22.466 Thread 0x000000001b1ed800 Uncommon trap: reason=unstable_if action=reinterpret pc=0x0000000003591fb4 method=java.lang.String.lastIndexOf([CII[CIII)I @ 118
Event: 22.477 Thread 0x000000001b1ed800 Uncommon trap: reason=unstable_if action=reinterpret pc=0x0000000003e0dec4 method=org.objectweb.asm.AnnotationWriter.computeAnnotationsSize(Lorg/objectweb/asm/AnnotationWriter;Lorg/objectweb/asm/AnnotationWriter;Lorg/objectweb/asm/AnnotationWriter;Lorg/ob
Event: 22.477 Thread 0x000000001b1ed800 Uncommon trap: reason=unstable_if action=reinterpret pc=0x0000000003e0e23c method=org.objectweb.asm.AnnotationWriter.putAnnotations(Lorg/objectweb/asm/SymbolTable;Lorg/objectweb/asm/AnnotationWriter;Lorg/objectweb/asm/AnnotationWriter;Lorg/objectweb/asm/A
Event: 22.581 Thread 0x000000001b1ed800 Uncommon trap: reason=unstable_if action=reinterpret pc=0x0000000003042af4 method=java.util.HashMap.resize()[Ljava/util/HashMap$Node; @ 206
Event: 22.581 Thread 0x000000001b1ed800 Uncommon trap: reason=unstable_if action=reinterpret pc=0x0000000003aa1088 method=java.util.HashMap.putVal(ILjava/lang/Object;Ljava/lang/Object;ZZ)Ljava/lang/Object; @ 109
Event: 22.581 Thread 0x000000001b1ed800 Uncommon trap: reason=unstable_if action=reinterpret pc=0x0000000002f64080 method=java.util.HashMap.putVal(ILjava/lang/Object;Ljava/lang/Object;ZZ)Ljava/lang/Object; @ 109
Event: 22.779 Thread 0x000000001b1ed800 Uncommon trap: reason=predicate action=maybe_recompile pc=0x0000000003e95138 method=java.util.AbstractCollection.toArray([Ljava/lang/Object;)[Ljava/lang/Object; @ 49

Classes redefined (0 events):
No events

Internal exceptions (10 events):
Event: 21.980 Thread 0x000000001b1ed800 Exception <a 'java/lang/ClassNotFoundException': org/jetbrains/plugins/gradle/model/web/WebConfigurationBeanInfo> (0x00000000e88cb170) thrown at [D:\src\AOSP-openjdk-cygwin\jdk8u\hotspot\src\share\vm\classfile\systemDictionary.cpp, line 210]
Event: 21.980 Thread 0x000000001b1ed800 Exception <a 'java/lang/ClassNotFoundException': org/jetbrains/plugins/gradle/model/web/WebConfigurationCustomizer> (0x00000000e88de4b8) thrown at [D:\src\AOSP-openjdk-cygwin\jdk8u\hotspot\src\share\vm\classfile\systemDictionary.cpp, line 210]
Event: 21.981 Thread 0x000000001b1ed800 Exception <a 'java/lang/SecurityException'> (0x00000000e88f2e38) thrown at [D:\src\AOSP-openjdk-cygwin\jdk8u\hotspot\src\share\vm\prims\jvm.cpp, line 1506]
Event: 21.982 Thread 0x000000001b1ed800 Exception <a 'java/lang/ClassNotFoundException': java/lang/ClassBeanInfo> (0x00000000e8906208) thrown at [D:\src\AOSP-openjdk-cygwin\jdk8u\hotspot\src\share\vm\classfile\systemDictionary.cpp, line 210]
Event: 21.983 Thread 0x000000001b1ed800 Exception <a 'java/lang/ClassNotFoundException': java/lang/ClassCustomizer> (0x00000000e890e6c8) thrown at [D:\src\AOSP-openjdk-cygwin\jdk8u\hotspot\src\share\vm\classfile\systemDictionary.cpp, line 210]
Event: 21.991 Thread 0x000000001b1ed800 Exception <a 'java/lang/ClassNotFoundException': java/lang/StringBeanInfo> (0x00000000e8a3ad38) thrown at [D:\src\AOSP-openjdk-cygwin\jdk8u\hotspot\src\share\vm\classfile\systemDictionary.cpp, line 210]
Event: 21.992 Thread 0x000000001b1ed800 Exception <a 'java/lang/ClassNotFoundException': java/lang/StringCustomizer> (0x00000000e8a435c8) thrown at [D:\src\AOSP-openjdk-cygwin\jdk8u\hotspot\src\share\vm\classfile\systemDictionary.cpp, line 210]
Event: 21.997 Thread 0x000000001b1ed800 Exception <a 'java/lang/ClassNotFoundException': org/jetbrains/plugins/gradle/model/scala/ScalaModelBeanInfo> (0x00000000e8aa3040) thrown at [D:\src\AOSP-openjdk-cygwin\jdk8u\hotspot\src\share\vm\classfile\systemDictionary.cpp, line 210]
Event: 21.998 Thread 0x000000001b1ed800 Exception <a 'java/lang/ClassNotFoundException': org/jetbrains/plugins/gradle/model/scala/ScalaModelCustomizer> (0x00000000e8ab5bd8) thrown at [D:\src\AOSP-openjdk-cygwin\jdk8u\hotspot\src\share\vm\classfile\systemDictionary.cpp, line 210]
Event: 22.061 Thread 0x000000001b28a800 Exception <a 'java/lang/NoSuchMethodError': <clinit>> (0x00000000e000ac18) thrown at [D:\src\AOSP-openjdk-cygwin\jdk8u\hotspot\src\share\vm\prims\jni.cpp, line 1614]

Events (10 events):
Event: 23.374 loading class com/android/ide/common/rendering/api/ResourceNamespace$ResAutoNamespace
Event: 23.374 loading class com/android/ide/common/rendering/api/ResourceNamespace$ResAutoNamespace done
Event: 23.374 loading class com/android/ide/common/rendering/api/ResourceNamespace$ToolsNamespace
Event: 23.374 loading class com/android/ide/common/rendering/api/ResourceNamespace$ToolsNamespace done
Event: 23.375 loading class com/android/ide/common/rendering/api/ResourceNamespace$AaptNamespace
Event: 23.375 loading class com/android/ide/common/rendering/api/ResourceNamespace$AaptNamespace done
Event: 23.375 loading class com/google/common/collect/LinkedListMultimap
Event: 23.375 loading class com/google/common/collect/LinkedListMultimap done
Event: 23.380 loading class com/android/ide/common/resources/PatternBasedFileFilter
Event: 23.380 loading class com/android/ide/common/resources/PatternBasedFileFilter done


Dynamic libraries:
0x00007ff704b80000 - 0x00007ff704bb1000 	C:\Program Files\Android\Android Studio\jre\bin\java.exe
0x00007ffe8c960000 - 0x00007ffe8cb50000 	C:\WINDOWS\SYSTEM32\ntdll.dll
0x00007ffe8b1c0000 - 0x00007ffe8b272000 	C:\WINDOWS\System32\KERNEL32.DLL
0x00007ffe89ca0000 - 0x00007ffe89f43000 	C:\WINDOWS\System32\KERNELBASE.dll
0x00007ffe8abb0000 - 0x00007ffe8ac53000 	C:\WINDOWS\System32\ADVAPI32.dll
0x00007ffe8ac60000 - 0x00007ffe8acfe000 	C:\WINDOWS\System32\msvcrt.dll
0x00007ffe8c730000 - 0x00007ffe8c7c7000 	C:\WINDOWS\System32\sechost.dll
0x00007ffe8aec0000 - 0x00007ffe8afe0000 	C:\WINDOWS\System32\RPCRT4.dll
0x00007ffe8aa10000 - 0x00007ffe8aba4000 	C:\WINDOWS\System32\USER32.dll
0x00007ffe8a260000 - 0x00007ffe8a281000 	C:\WINDOWS\System32\win32u.dll
0x00007ffe8ad00000 - 0x00007ffe8ad26000 	C:\WINDOWS\System32\GDI32.dll
0x00007ffe8a0c0000 - 0x00007ffe8a254000 	C:\WINDOWS\System32\gdi32full.dll
0x00007ffe89c00000 - 0x00007ffe89c9e000 	C:\WINDOWS\System32\msvcp_win.dll
0x00007ffe89950000 - 0x00007ffe89a4a000 	C:\WINDOWS\System32\ucrtbase.dll
0x00007ffe730c0000 - 0x00007ffe73345000 	C:\WINDOWS\WinSxS\amd64_microsoft.windows.common-controls_6595b64144ccf1df_6.0.18362.720_none_e6beb5c51314836b\COMCTL32.dll
0x00007ffe8b6f0000 - 0x00007ffe8ba26000 	C:\WINDOWS\System32\combase.dll
0x00007ffe89b00000 - 0x00007ffe89b80000 	C:\WINDOWS\System32\bcryptPrimitives.dll
0x00007ffe8c700000 - 0x00007ffe8c72e000 	C:\WINDOWS\System32\IMM32.DLL
0x0000000061ed0000 - 0x0000000061fa2000 	C:\Program Files\Android\Android Studio\jre\jre\bin\msvcr100.dll
0x0000000061fb0000 - 0x00000000627f6000 	C:\Program Files\Android\Android Studio\jre\jre\bin\server\jvm.dll
0x00007ffe8aeb0000 - 0x00007ffe8aeb8000 	C:\WINDOWS\System32\PSAPI.DLL
0x00007ffe76eb0000 - 0x00007ffe76eba000 	C:\WINDOWS\SYSTEM32\VERSION.dll
0x00007ffe73bd0000 - 0x00007ffe73bd9000 	C:\WINDOWS\SYSTEM32\WSOCK32.dll
0x00007ffe866b0000 - 0x00007ffe866d4000 	C:\WINDOWS\SYSTEM32\WINMM.dll
0x00007ffe86220000 - 0x00007ffe8624d000 	C:\WINDOWS\SYSTEM32\winmmbase.dll
0x00007ffe89bb0000 - 0x00007ffe89bfa000 	C:\WINDOWS\System32\cfgmgr32.dll
0x00007ffe8c850000 - 0x00007ffe8c8bf000 	C:\WINDOWS\System32\WS2_32.dll
0x00007ffe87580000 - 0x00007ffe8758f000 	C:\Program Files\Android\Android Studio\jre\jre\bin\verify.dll
0x00007ffe48110000 - 0x00007ffe48139000 	C:\Program Files\Android\Android Studio\jre\jre\bin\java.dll
0x00007ffe70260000 - 0x00007ffe70276000 	C:\Program Files\Android\Android Studio\jre\jre\bin\zip.dll
0x00007ffe8bd30000 - 0x00007ffe8c415000 	C:\WINDOWS\System32\SHELL32.dll
0x00007ffe8afe0000 - 0x00007ffe8b089000 	C:\WINDOWS\System32\shcore.dll
0x00007ffe8a290000 - 0x00007ffe8aa10000 	C:\WINDOWS\System32\windows.storage.dll
0x00007ffe89870000 - 0x00007ffe89893000 	C:\WINDOWS\System32\profapi.dll
0x00007ffe898a0000 - 0x00007ffe898ea000 	C:\WINDOWS\System32\powrprof.dll
0x00007ffe89820000 - 0x00007ffe89830000 	C:\WINDOWS\System32\UMPDC.dll
0x00007ffe8c8c0000 - 0x00007ffe8c912000 	C:\WINDOWS\System32\shlwapi.dll
0x00007ffe89850000 - 0x00007ffe89861000 	C:\WINDOWS\System32\kernel.appcore.dll
0x00007ffe89f50000 - 0x00007ffe89f67000 	C:\WINDOWS\System32\cryptsp.dll
0x00007ffe59940000 - 0x00007ffe5995a000 	C:\Program Files\Android\Android Studio\jre\jre\bin\net.dll
0x00007ffe7a100000 - 0x00007ffe7a2d5000 	C:\WINDOWS\SYSTEM32\urlmon.dll
0x00007ffe7a610000 - 0x00007ffe7a8b6000 	C:\WINDOWS\SYSTEM32\iertutil.dll
0x00007ffe89200000 - 0x00007ffe8920c000 	C:\WINDOWS\SYSTEM32\CRYPTBASE.DLL
0x00007ffe89030000 - 0x00007ffe89097000 	C:\WINDOWS\system32\mswsock.dll
0x00007ffe71a80000 - 0x00007ffe71a93000 	C:\Program Files\Android\Android Studio\jre\jre\bin\nio.dll
0x00007ffe74a70000 - 0x00007ffe74a96000 	C:\Users\saksh\.gradle\native\30\windows-amd64\native-platform.dll
0x00007ffe7dfe0000 - 0x00007ffe7dfed000 	C:\Program Files\Android\Android Studio\jre\jre\bin\management.dll
0x00007ffe88ba0000 - 0x00007ffe88bd3000 	C:\WINDOWS\system32\rsaenh.dll
0x00007ffe89b80000 - 0x00007ffe89ba6000 	C:\WINDOWS\System32\bcrypt.dll
0x00007ffe89710000 - 0x00007ffe89735000 	C:\WINDOWS\SYSTEM32\USERENV.dll
0x00007ffe88d40000 - 0x00007ffe88d7a000 	C:\WINDOWS\SYSTEM32\IPHLPAPI.DLL
0x00007ffe8bca0000 - 0x00007ffe8bca8000 	C:\WINDOWS\System32\NSI.dll
0x00007ffe7d940000 - 0x00007ffe7d956000 	C:\WINDOWS\SYSTEM32\dhcpcsvc6.DLL
0x00007ffe7da70000 - 0x00007ffe7da8c000 	C:\WINDOWS\SYSTEM32\dhcpcsvc.DLL
0x00007ffe88d80000 - 0x00007ffe88e4a000 	C:\WINDOWS\SYSTEM32\DNSAPI.dll

VM Arguments:
jvm_args: -Xmx1536m -Dfile.encoding=windows-1252 -Duser.country=IN -Duser.language=en -Duser.variant 
java_command: org.gradle.launcher.daemon.bootstrap.GradleDaemon 5.6.4
java_class_path (initial): C:\Users\saksh\.gradle\wrapper\dists\gradle-5.6.4-all\ankdp27end7byghfw1q2sw75f\gradle-5.6.4\lib\gradle-launcher-5.6.4.jar
Launcher Type: SUN_STANDARD

Environment Variables:
PATH=C:\app\saksh\product\11.2.0\dbhome_2\bin;C:\Program Files (x86)\Common Files\Oracle\Java\javapath;C:\Program Files (x86)\Intel\iCLS Client\;C:\Program Files\Intel\iCLS Client\;C:\WINDOWS\system32;C:\WINDOWS;C:\WINDOWS\System32\Wbem;C:\WINDOWS\System32\WindowsPowerShell\v1.0\;C:\WINDOWS\System32\OpenSSH\;C:\Program Files (x86)\Intel\Intel(R) Management Engine Components\DAL;C:\Program Files\Intel\Intel(R) Management Engine Components\DAL;C:\Program Files (x86)\Intel\Intel(R) Management Engine Components\IPT;C:\Program Files\Intel\Intel(R) Management Engine Components\IPT;C:\Program Files\PuTTY\;C:\Program Files\nodejs\;C:\Program Files\Git\cmd;C:\Users\saksh\AppData\Local\Microsoft\WindowsApps;C:\Users\saksh\instantclient-basiclite-windows.x64-19.3.0.0.0dbru;C:\Users\saksh\AppData\Roaming\npm
USERNAME=saksh
OS=Windows_NT
PROCESSOR_IDENTIFIER=Intel64 Family 6 Model 142 Stepping 10, GenuineIntel



---------------  S Y S T E M  ---------------

OS: Windows 10.0 , 64 bit Build 18362 (10.0.18362.329)

CPU:total 8 (initial active 8) (4 cores per cpu, 2 threads per core) family 6 model 142 stepping 10, cmov, cx8, fxsr, mmx, sse, sse2, sse3, ssse3, sse4.1, sse4.2, popcnt, avx, avx2, aes, clmul, erms, 3dnowpref, lzcnt, ht, tsc, tscinvbit, bmi1, bmi2, adx

Memory: 4k page, physical 8295652k(2133160k free), swap 8295652k(5092k free)

vm_info: OpenJDK 64-Bit Server VM (25.212-b04) for windows-amd64 JRE (1.8.0_212-release-1586-b04), built by "builder" with MS VC++ 10.0 (VS2010)

time: Thu Apr 02 18:11:08 2020
timezone: India Standard Time
elapsed time: 23 seconds (0d 0h 0m 23s)

