#
# There is insufficient memory for the Java Runtime Environment to continue.
# Native memory allocation (malloc) failed to allocate 2483856 bytes for Chunk::new
# Possible reasons:
#   The system is out of physical RAM or swap space
#   The process is running with CompressedOops enabled, and the Java Heap may be blocking the growth of the native heap
# Possible solutions:
#   Reduce memory load on the system
#   Increase physical memory or swap space
#   Check if swap backing store is full
#   Decrease Java heap size (-Xmx/-Xms)
#   Decrease number of Java threads
#   Decrease Java thread stack sizes (-Xss)
#   Set larger code cache with -XX:ReservedCodeCacheSize=
#   JVM is running with Unscaled Compressed Oops mode in which the Java heap is
#     placed in the first 4GB address space. The Java Heap base address is the
#     maximum limit for the native heap growth. Please use -XX:HeapBaseMinAddress
#     to set the Java Heap base and to place the Java Heap above 4GB virtual address.
# This output file may be truncated or incomplete.
#
#  Out of Memory Error (allocation.cpp:389), pid=7284, tid=0x0000000000001838
#
# JRE version: OpenJDK Runtime Environment (8.0_212-b04) (build 1.8.0_212-release-1586-b04)
# Java VM: OpenJDK 64-Bit Server VM (25.212-b04 mixed mode windows-amd64 compressed oops)
# Failed to write core dump. Minidumps are not enabled by default on client versions of Windows
#

---------------  T H R E A D  ---------------

Current thread (0x000000001810b000):  JavaThread "C2 CompilerThread0" daemon [_thread_in_native, id=6200, stack(0x00000000189e0000,0x0000000018ae0000)]

Stack: [0x00000000189e0000,0x0000000018ae0000]
[error occurred during error reporting (printing stack bounds), id 0xc0000005]

Native frames: (J=compiled Java code, j=interpreted, Vv=VM code, C=native code)


Current CompileTask:
C2:  18454 5092   !   4       java.net.URLClassLoader::definePackageInternal (81 bytes)


---------------  P R O C E S S  ---------------

Java Threads: ( => current thread )
  0x000000001d724800 JavaThread "Cache worker for file content cache (C:\Users\saksh\AndroidStudioProjects\police\.gradle\5.6.4\fileContent)" [_thread_blocked, id=16136, stack(0x0000000024110000,0x0000000024210000)]
  0x000000001d72b000 JavaThread "Cache worker for file content cache (C:\Users\saksh\.gradle\caches\5.6.4\fileContent)" [_thread_blocked, id=15288, stack(0x0000000024010000,0x0000000024110000)]
  0x000000001d72a800 JavaThread "Memory manager" [_thread_blocked, id=1616, stack(0x0000000022720000,0x0000000022820000)]
  0x000000001d729000 JavaThread "Cache worker for Build Output Cleanup Cache (C:\Users\saksh\AndroidStudioProjects\police\.gradle\buildOutputCleanup)" [_thread_blocked, id=9384, stack(0x0000000022420000,0x0000000022520000)]
  0x000000001d728000 JavaThread "pool-1-thread-1" [_thread_blocked, id=15172, stack(0x0000000022120000,0x0000000022220000)]
  0x000000001d723800 JavaThread "Build operations Thread 8" [_thread_blocked, id=12484, stack(0x0000000021c20000,0x0000000021d20000)]
  0x000000001d729800 JavaThread "Build operations Thread 7" [_thread_blocked, id=14136, stack(0x0000000021b20000,0x0000000021c20000)]
  0x000000001d720800 JavaThread "Build operations Thread 6" [_thread_blocked, id=13844, stack(0x0000000021a20000,0x0000000021b20000)]
  0x000000001d725000 JavaThread "Build operations Thread 5" [_thread_blocked, id=13696, stack(0x0000000021920000,0x0000000021a20000)]
  0x000000001d722000 JavaThread "Build operations Thread 4" [_thread_blocked, id=10944, stack(0x0000000021820000,0x0000000021920000)]
  0x000000001d726000 JavaThread "Build operations Thread 3" [_thread_blocked, id=3448, stack(0x0000000021720000,0x0000000021820000)]
  0x000000001d721800 JavaThread "Build operations Thread 2" [_thread_blocked, id=9576, stack(0x0000000021620000,0x0000000021720000)]
  0x000000001d727800 JavaThread "Build operations" [_thread_blocked, id=15020, stack(0x0000000021520000,0x0000000021620000)]
  0x000000001ab24800 JavaThread "Cache worker for execution history cache (C:\Users\saksh\.gradle\caches\5.6.4\executionHistory)" [_thread_blocked, id=13440, stack(0x0000000021020000,0x0000000021120000)]
  0x000000001ab1f000 JavaThread "Cache worker for cache directory md-rule (C:\Users\saksh\.gradle\caches\5.6.4\md-rule)" [_thread_blocked, id=2576, stack(0x000000001f670000,0x000000001f770000)]
  0x000000001ab23800 JavaThread "Cache worker for cache directory md-supplier (C:\Users\saksh\.gradle\caches\5.6.4\md-supplier)" [_thread_blocked, id=12248, stack(0x000000001f3a0000,0x000000001f4a0000)]
  0x000000001ab1e800 JavaThread "Cache worker for file hash cache (C:\Users\saksh\AndroidStudioProjects\police\.gradle\5.6.4\fileHashes)" [_thread_blocked, id=15708, stack(0x000000001f570000,0x000000001f670000)]
  0x000000001ab21800 JavaThread "Cache worker for journal cache (C:\Users\saksh\.gradle\caches\journal-1)" [_thread_blocked, id=15732, stack(0x000000001cd00000,0x000000001ce00000)]
  0x000000001ab20800 JavaThread "File lock request listener" [_thread_in_native, id=14204, stack(0x000000001cc00000,0x000000001cd00000)]
  0x000000001aa50800 JavaThread "Cache worker for file hash cache (C:\Users\saksh\.gradle\caches\5.6.4\fileHashes)" [_thread_blocked, id=1148, stack(0x000000001cb00000,0x000000001cc00000)]
  0x000000001aa75800 JavaThread "Thread-9" [_thread_blocked, id=10352, stack(0x000000001ca00000,0x000000001cb00000)]
  0x000000001aac4800 JavaThread "Stdin handler" [_thread_blocked, id=7108, stack(0x000000001c900000,0x000000001ca00000)]
  0x000000001aab1000 JavaThread "Asynchronous log dispatcher for DefaultDaemonConnection: socket connection from /127.0.0.1:51425 to /127.0.0.1:51426" [_thread_blocked, id=2532, stack(0x000000001c700000,0x000000001c800000)]
  0x000000001aa72800 JavaThread "Daemon worker" [_thread_in_native, id=12660, stack(0x000000001c600000,0x000000001c700000)]
  0x000000001aa1e000 JavaThread "Cancel handler" [_thread_blocked, id=10160, stack(0x000000001c500000,0x000000001c600000)]
  0x000000001aa00000 JavaThread "Handler for socket connection from /127.0.0.1:51425 to /127.0.0.1:51426" [_thread_in_native, id=11848, stack(0x000000001c200000,0x000000001c300000)]
  0x000000001a9fe000 JavaThread "Daemon" [_thread_blocked, id=9984, stack(0x000000001c100000,0x000000001c200000)]
  0x000000001a9de800 JavaThread "Daemon periodic checks" [_thread_blocked, id=5260, stack(0x000000001c000000,0x000000001c100000)]
  0x000000001a99c000 JavaThread "Incoming local TCP Connector on port 51425" [_thread_in_native, id=8888, stack(0x000000001bdc0000,0x000000001bec0000)]
  0x0000000019032000 JavaThread "Daemon health stats" [_thread_blocked, id=10676, stack(0x000000001b780000,0x000000001b880000)]
  0x00000000181a4000 JavaThread "Service Thread" daemon [_thread_blocked, id=7872, stack(0x0000000018de0000,0x0000000018ee0000)]
  0x000000001632c000 JavaThread "C1 CompilerThread3" daemon [_thread_blocked, id=12156, stack(0x0000000018ce0000,0x0000000018de0000)]
  0x0000000018112800 JavaThread "C2 CompilerThread2" daemon [_thread_in_native, id=13668, stack(0x0000000018be0000,0x0000000018ce0000)]
  0x000000001810e800 JavaThread "C2 CompilerThread1" daemon [_thread_in_native, id=3204, stack(0x0000000018ae0000,0x0000000018be0000)]
=>0x000000001810b000 JavaThread "C2 CompilerThread0" daemon [_thread_in_native, id=6200, stack(0x00000000189e0000,0x0000000018ae0000)]
  0x000000001810a000 JavaThread "Attach Listener" daemon [_thread_blocked, id=1684, stack(0x00000000188e0000,0x00000000189e0000)]
  0x0000000018115800 JavaThread "Signal Dispatcher" daemon [_thread_blocked, id=12912, stack(0x00000000187e0000,0x00000000188e0000)]
  0x000000000255e000 JavaThread "Finalizer" daemon [_thread_blocked, id=6436, stack(0x00000000185e0000,0x00000000186e0000)]
  0x0000000002555000 JavaThread "Reference Handler" daemon [_thread_blocked, id=11404, stack(0x00000000184e0000,0x00000000185e0000)]
  0x00000000022ce800 JavaThread "main" [_thread_blocked, id=3260, stack(0x0000000002360000,0x0000000002460000)]

Other Threads:
  0x0000000016318000 VMThread [stack: 0x0000000017fe0000,0x00000000180e0000] [id=1128]
  0x00000000181a4800 WatcherThread [stack: 0x0000000018ee0000,0x0000000018fe0000] [id=12300]

VM state:not at safepoint (normal execution)

VM Mutex/Monitor currently owned by a thread: None

heap address: 0x00000000a0000000, size: 1536 MB, Compressed Oops mode: 32-bit
Narrow klass base: 0x0000000000000000, Narrow klass shift: 3
Compressed class space size: 1073741824 Address: 0x0000000100000000

Heap:
 PSYoungGen      total 216064K, used 80513K [0x00000000e0000000, 0x00000000ee400000, 0x0000000100000000)
  eden space 199168K, 31% used [0x00000000e0000000,0x00000000e3e27c30,0x00000000ec280000)
  from space 16896K, 99% used [0x00000000ec300000,0x00000000ed378aa8,0x00000000ed380000)
  to   space 11776K, 0% used [0x00000000ed880000,0x00000000ed880000,0x00000000ee400000)
 ParOldGen       total 104448K, used 25459K [0x00000000a0000000, 0x00000000a6600000, 0x00000000e0000000)
  object space 104448K, 24% used [0x00000000a0000000,0x00000000a18dcfa0,0x00000000a6600000)
 Metaspace       used 55691K, capacity 57390K, committed 57640K, reserved 1099776K
  class space    used 7703K, capacity 8141K, committed 8232K, reserved 1048576K

Card table byte_map: [0x0000000011920000,0x0000000011c30000] byte_map_base: 0x0000000011420000

Marking Bits: (ParMarkBitMap*) 0x0000000058129f30
 Begin Bits: [0x0000000012630000, 0x0000000013e30000)
 End Bits:   [0x0000000013e30000, 0x0000000015630000)

Polling page: 0x0000000000650000

CodeCache: size=245760Kb used=17342Kb max_used=17342Kb free=228417Kb
 bounds [0x0000000002560000, 0x0000000003660000, 0x0000000011560000]
 total_blobs=5660 nmethods=4880 adapters=691
 compilation: enabled

Compilation events (10 events):
Event: 18.300 Thread 0x000000001632c000 5245       3       org.gradle.internal.component.external.descriptor.MavenScope::values (10 bytes)
Event: 18.301 Thread 0x000000001632c000 nmethod 5245 0x00000000036471d0 code [0x0000000003647340, 0x0000000003647628]
Event: 18.301 Thread 0x000000001632c000 5246       3       org.gradle.internal.component.external.model.maven.MavenDependencyType::values (10 bytes)
Event: 18.301 Thread 0x000000001632c000 nmethod 5246 0x00000000036476d0 code [0x0000000003647840, 0x0000000003647b28]
Event: 18.423 Thread 0x000000001632c000 5247  s    3       java.io.BufferedInputStream::read (113 bytes)
Event: 18.424 Thread 0x000000001632c000 nmethod 5247 0x0000000003647bd0 code [0x0000000003647da0, 0x0000000003648718]
Event: 18.427 Thread 0x000000001632c000 5248       1       org.gradle.internal.component.external.model.AbstractMutableModuleComponentResolveMetadata::getVariantMetadataRules (5 bytes)
Event: 18.427 Thread 0x000000001632c000 nmethod 5248 0x0000000003648a90 code [0x0000000003648be0, 0x0000000003648cf0]
Event: 18.427 Thread 0x000000001632c000 5249       3       org.gradle.internal.resource.local.DefaultPathKeyFileStore::getFile (46 bytes)
Event: 18.428 Thread 0x000000001632c000 nmethod 5249 0x0000000003648d50 code [0x0000000003648ec0, 0x0000000003649188]

GC Heap History (10 events):
Event: 5.660 GC heap before
{Heap before GC invocations=5 (full 1):
 PSYoungGen      total 138240K, used 5088K [0x00000000e0000000, 0x00000000e8c00000, 0x0000000100000000)
  eden space 133120K, 0% used [0x00000000e0000000,0x00000000e0000000,0x00000000e8200000)
  from space 5120K, 99% used [0x00000000e8700000,0x00000000e8bf8020,0x00000000e8c00000)
  to   space 5120K, 0% used [0x00000000e8200000,0x00000000e8200000,0x00000000e8700000)
 ParOldGen       total 87552K, used 11782K [0x00000000a0000000, 0x00000000a5580000, 0x00000000e0000000)
  object space 87552K, 13% used [0x00000000a0000000,0x00000000a0b818b0,0x00000000a5580000)
 Metaspace       used 20768K, capacity 21152K, committed 21296K, reserved 1067008K
  class space    used 2952K, capacity 3102K, committed 3120K, reserved 1048576K
Event: 5.722 GC heap after
Heap after GC invocations=5 (full 1):
 PSYoungGen      total 138240K, used 0K [0x00000000e0000000, 0x00000000e8c00000, 0x0000000100000000)
  eden space 133120K, 0% used [0x00000000e0000000,0x00000000e0000000,0x00000000e8200000)
  from space 5120K, 0% used [0x00000000e8700000,0x00000000e8700000,0x00000000e8c00000)
  to   space 5120K, 0% used [0x00000000e8200000,0x00000000e8200000,0x00000000e8700000)
 ParOldGen       total 68096K, used 11944K [0x00000000a0000000, 0x00000000a4280000, 0x00000000e0000000)
  object space 68096K, 17% used [0x00000000a0000000,0x00000000a0baa138,0x00000000a4280000)
 Metaspace       used 20768K, capacity 21152K, committed 21296K, reserved 1067008K
  class space    used 2952K, capacity 3102K, committed 3120K, reserved 1048576K
}
Event: 8.128 GC heap before
{Heap before GC invocations=6 (full 1):
 PSYoungGen      total 138240K, used 133120K [0x00000000e0000000, 0x00000000e8c00000, 0x0000000100000000)
  eden space 133120K, 100% used [0x00000000e0000000,0x00000000e8200000,0x00000000e8200000)
  from space 5120K, 0% used [0x00000000e8700000,0x00000000e8700000,0x00000000e8c00000)
  to   space 5120K, 0% used [0x00000000e8200000,0x00000000e8200000,0x00000000e8700000)
 ParOldGen       total 68096K, used 11944K [0x00000000a0000000, 0x00000000a4280000, 0x00000000e0000000)
  object space 68096K, 17% used [0x00000000a0000000,0x00000000a0baa138,0x00000000a4280000)
 Metaspace       used 31524K, capacity 31970K, committed 32176K, reserved 1077248K
  class space    used 4318K, capacity 4464K, committed 4528K, reserved 1048576K
Event: 8.144 GC heap after
Heap after GC invocations=6 (full 1):
 PSYoungGen      total 138240K, used 5104K [0x00000000e0000000, 0x00000000ee880000, 0x0000000100000000)
  eden space 133120K, 0% used [0x00000000e0000000,0x00000000e0000000,0x00000000e8200000)
  from space 5120K, 99% used [0x00000000e8200000,0x00000000e86fc010,0x00000000e8700000)
  to   space 16384K, 0% used [0x00000000ed880000,0x00000000ed880000,0x00000000ee880000)
 ParOldGen       total 68096K, used 18952K [0x00000000a0000000, 0x00000000a4280000, 0x00000000e0000000)
  object space 68096K, 27% used [0x00000000a0000000,0x00000000a12823c8,0x00000000a4280000)
 Metaspace       used 31524K, capacity 31970K, committed 32176K, reserved 1077248K
  class space    used 4318K, capacity 4464K, committed 4528K, reserved 1048576K
}
Event: 11.987 GC heap before
{Heap before GC invocations=7 (full 1):
 PSYoungGen      total 138240K, used 78114K [0x00000000e0000000, 0x00000000ee880000, 0x0000000100000000)
  eden space 133120K, 54% used [0x00000000e0000000,0x00000000e474c818,0x00000000e8200000)
  from space 5120K, 99% used [0x00000000e8200000,0x00000000e86fc010,0x00000000e8700000)
  to   space 16384K, 0% used [0x00000000ed880000,0x00000000ed880000,0x00000000ee880000)
 ParOldGen       total 68096K, used 18952K [0x00000000a0000000, 0x00000000a4280000, 0x00000000e0000000)
  object space 68096K, 27% used [0x00000000a0000000,0x00000000a12823c8,0x00000000a4280000)
 Metaspace       used 34576K, capacity 35390K, committed 35496K, reserved 1079296K
  class space    used 4764K, capacity 4965K, committed 5032K, reserved 1048576K
Event: 12.003 GC heap after
Heap after GC invocations=7 (full 1):
 PSYoungGen      total 210944K, used 11552K [0x00000000e0000000, 0x00000000ee400000, 0x0000000100000000)
  eden space 199168K, 0% used [0x00000000e0000000,0x00000000e0000000,0x00000000ec280000)
  from space 11776K, 98% used [0x00000000ed880000,0x00000000ee3c8320,0x00000000ee400000)
  to   space 16896K, 0% used [0x00000000ec300000,0x00000000ec300000,0x00000000ed380000)
 ParOldGen       total 68096K, used 18960K [0x00000000a0000000, 0x00000000a4280000, 0x00000000e0000000)
  object space 68096K, 27% used [0x00000000a0000000,0x00000000a12843c8,0x00000000a4280000)
 Metaspace       used 34576K, capacity 35390K, committed 35496K, reserved 1079296K
  class space    used 4764K, capacity 4965K, committed 5032K, reserved 1048576K
}
Event: 12.004 GC heap before
{Heap before GC invocations=8 (full 2):
 PSYoungGen      total 210944K, used 11552K [0x00000000e0000000, 0x00000000ee400000, 0x0000000100000000)
  eden space 199168K, 0% used [0x00000000e0000000,0x00000000e0000000,0x00000000ec280000)
  from space 11776K, 98% used [0x00000000ed880000,0x00000000ee3c8320,0x00000000ee400000)
  to   space 16896K, 0% used [0x00000000ec300000,0x00000000ec300000,0x00000000ed380000)
 ParOldGen       total 68096K, used 18960K [0x00000000a0000000, 0x00000000a4280000, 0x00000000e0000000)
  object space 68096K, 27% used [0x00000000a0000000,0x00000000a12843c8,0x00000000a4280000)
 Metaspace       used 34576K, capacity 35390K, committed 35496K, reserved 1079296K
  class space    used 4764K, capacity 4965K, committed 5032K, reserved 1048576K
Event: 12.126 GC heap after
Heap after GC invocations=8 (full 2):
 PSYoungGen      total 210944K, used 0K [0x00000000e0000000, 0x00000000ee400000, 0x0000000100000000)
  eden space 199168K, 0% used [0x00000000e0000000,0x00000000e0000000,0x00000000ec280000)
  from space 11776K, 0% used [0x00000000ed880000,0x00000000ed880000,0x00000000ee400000)
  to   space 16896K, 0% used [0x00000000ec300000,0x00000000ec300000,0x00000000ed380000)
 ParOldGen       total 104448K, used 18293K [0x00000000a0000000, 0x00000000a6600000, 0x00000000e0000000)
  object space 104448K, 17% used [0x00000000a0000000,0x00000000a11dd418,0x00000000a6600000)
 Metaspace       used 34551K, capacity 35306K, committed 35496K, reserved 1079296K
  class space    used 4756K, capacity 4951K, committed 5032K, reserved 1048576K
}
Event: 16.494 GC heap before
{Heap before GC invocations=9 (full 2):
 PSYoungGen      total 210944K, used 199168K [0x00000000e0000000, 0x00000000ee400000, 0x0000000100000000)
  eden space 199168K, 100% used [0x00000000e0000000,0x00000000ec280000,0x00000000ec280000)
  from space 11776K, 0% used [0x00000000ed880000,0x00000000ed880000,0x00000000ee400000)
  to   space 16896K, 0% used [0x00000000ec300000,0x00000000ec300000,0x00000000ed380000)
 ParOldGen       total 104448K, used 18293K [0x00000000a0000000, 0x00000000a6600000, 0x00000000e0000000)
  object space 104448K, 17% used [0x00000000a0000000,0x00000000a11dd418,0x00000000a6600000)
 Metaspace       used 51395K, capacity 52906K, committed 53032K, reserved 1095680K
  class space    used 7028K, capacity 7411K, committed 7464K, reserved 1048576K
Event: 16.529 GC heap after
Heap after GC invocations=9 (full 2):
 PSYoungGen      total 216064K, used 16866K [0x00000000e0000000, 0x00000000ee400000, 0x0000000100000000)
  eden space 199168K, 0% used [0x00000000e0000000,0x00000000e0000000,0x00000000ec280000)
  from space 16896K, 99% used [0x00000000ec300000,0x00000000ed378aa8,0x00000000ed380000)
  to   space 11776K, 0% used [0x00000000ed880000,0x00000000ed880000,0x00000000ee400000)
 ParOldGen       total 104448K, used 25459K [0x00000000a0000000, 0x00000000a6600000, 0x00000000e0000000)
  object space 104448K, 24% used [0x00000000a0000000,0x00000000a18dcfa0,0x00000000a6600000)
 Metaspace       used 51395K, capacity 52906K, committed 53032K, reserved 1095680K
  class space    used 7028K, capacity 7411K, committed 7464K, reserved 1048576K
}

Deoptimization events (10 events):
Event: 17.621 Thread 0x000000001aa72800 Uncommon trap: reason=unstable_if action=reinterpret pc=0x00000000032aec70 method=com.sun.org.apache.xerces.internal.impl.XMLEntityScanner.scanLiteral(ILcom/sun/org/apache/xerces/internal/xni/XMLString;Z)I @ 660
Event: 17.637 Thread 0x000000001aa72800 Uncommon trap: reason=unstable_if action=reinterpret pc=0x00000000032ca608 method=com.sun.org.apache.xerces.internal.util.SymbolTable.addSymbol([CII)Ljava/lang/String; @ 38
Event: 17.642 Thread 0x000000001aa72800 Uncommon trap: reason=unstable_if action=reinterpret pc=0x000000000340e81c method=java.lang.CharacterDataLatin1.digit(II)I @ 31
Event: 17.698 Thread 0x000000001aa72800 Uncommon trap: reason=unstable_if action=reinterpret pc=0x000000000321ff58 method=com.google.gson.stream.JsonReader.doPeek()I @ 315
Event: 17.741 Thread 0x000000001aa72800 Uncommon trap: reason=predicate action=maybe_recompile pc=0x00000000035b8eb8 method=java.util.AbstractCollection.toArray([Ljava/lang/Object;)[Ljava/lang/Object; @ 49
Event: 17.798 Thread 0x000000001aa72800 Uncommon trap: reason=unstable_if action=reinterpret pc=0x0000000002d846f4 method=java.lang.String.lastIndexOf([CII[CIII)I @ 118
Event: 17.881 Thread 0x000000001aa72800 Uncommon trap: reason=array_check action=maybe_recompile pc=0x00000000036010f0 method=java.util.AbstractCollection.toArray([Ljava/lang/Object;)[Ljava/lang/Object; @ 119
Event: 17.883 Thread 0x000000001aa72800 Uncommon trap: reason=array_check action=maybe_recompile pc=0x00000000036010f0 method=java.util.AbstractCollection.toArray([Ljava/lang/Object;)[Ljava/lang/Object; @ 119
Event: 17.883 Thread 0x000000001aa72800 Uncommon trap: reason=array_check action=maybe_recompile pc=0x00000000036010f0 method=java.util.AbstractCollection.toArray([Ljava/lang/Object;)[Ljava/lang/Object; @ 119
Event: 17.884 Thread 0x000000001aa72800 Uncommon trap: reason=array_check action=maybe_recompile pc=0x00000000036010f0 method=java.util.AbstractCollection.toArray([Ljava/lang/Object;)[Ljava/lang/Object; @ 119

Classes redefined (0 events):
No events

Internal exceptions (10 events):
Event: 16.380 Thread 0x000000001aa72800 Exception <a 'java/lang/ClassNotFoundException': com/google/android/gms/dependencies/DependencyAnalyzerBeanInfo> (0x00000000ebbbb9b8) thrown at [D:\src\AOSP-openjdk-cygwin\jdk8u\hotspot\src\share\vm\classfile\systemDictionary.cpp, line 210]
Event: 16.381 Thread 0x000000001aa72800 Exception <a 'java/lang/ClassNotFoundException': com/google/android/gms/dependencies/DependencyAnalyzerCustomizer> (0x00000000ebbd7aa8) thrown at [D:\src\AOSP-openjdk-cygwin\jdk8u\hotspot\src\share\vm\classfile\systemDictionary.cpp, line 210]
Event: 16.394 Thread 0x000000001aa72800 Exception <a 'java/lang/ClassNotFoundException': com/google/android/gms/dependencies/DependencyInspectorBeanInfo> (0x00000000ebc6aea0) thrown at [D:\src\AOSP-openjdk-cygwin\jdk8u\hotspot\src\share\vm\classfile\systemDictionary.cpp, line 210]
Event: 16.395 Thread 0x000000001aa72800 Exception <a 'java/lang/ClassNotFoundException': com/google/android/gms/dependencies/DependencyInspectorCustomizer> (0x00000000ebc87020) thrown at [D:\src\AOSP-openjdk-cygwin\jdk8u\hotspot\src\share\vm\classfile\systemDictionary.cpp, line 210]
Event: 16.398 Thread 0x000000001aa72800 Exception <a 'java/lang/ClassNotFoundException': org/gradle/invocation/DefaultGradle_DecoratedBeanInfo> (0x00000000ebce23e0) thrown at [D:\src\AOSP-openjdk-cygwin\jdk8u\hotspot\src\share\vm\classfile\systemDictionary.cpp, line 210]
Event: 16.399 Thread 0x000000001aa72800 Exception <a 'java/lang/ClassNotFoundException': org/gradle/invocation/DefaultGradleBeanInfo> (0x00000000ebcf8560) thrown at [D:\src\AOSP-openjdk-cygwin\jdk8u\hotspot\src\share\vm\classfile\systemDictionary.cpp, line 210]
Event: 16.399 Thread 0x000000001aa72800 Exception <a 'java/lang/ClassNotFoundException': org/gradle/invocation/DefaultGradleCustomizer> (0x00000000ebd0eaf8) thrown at [D:\src\AOSP-openjdk-cygwin\jdk8u\hotspot\src\share\vm\classfile\systemDictionary.cpp, line 210]
Event: 16.402 Thread 0x000000001aa72800 Exception <a 'java/lang/ClassNotFoundException': org/gradle/invocation/DefaultGradle_DecoratedCustomizer> (0x00000000ebd6c4e0) thrown at [D:\src\AOSP-openjdk-cygwin\jdk8u\hotspot\src\share\vm\classfile\systemDictionary.cpp, line 210]
Event: 16.979 Thread 0x000000001aa72800 Exception <a 'java/lang/ClassNotFoundException': com/sun/org/glassfish/hk2/osgiresourcelocator/ServiceLoader> (0x00000000e138ae10) thrown at [D:\src\AOSP-openjdk-cygwin\jdk8u\hotspot\src\share\vm\classfile\systemDictionary.cpp, line 210]
Event: 17.324 Thread 0x000000001aa72800 Exception <a 'java/lang/NullPointerException'> (0x00000000e188ef98) thrown at [D:\src\AOSP-openjdk-cygwin\jdk8u\hotspot\src\share\vm\interpreter\linkResolver.cpp, line 1287]

Events (10 events):
Event: 18.237 loading class org/gradle/api/internal/artifacts/repositories/resolver/AbstractDependenciesMetadataAdapter
Event: 18.237 loading class org/gradle/api/internal/artifacts/repositories/resolver/AbstractDependenciesMetadataAdapter done
Event: 18.242 loading class org/gradle/api/artifacts/DirectDependenciesMetadata
Event: 18.242 loading class org/gradle/api/artifacts/DirectDependenciesMetadata done
Event: 18.243 loading class org/gradle/api/internal/artifacts/repositories/resolver/DirectDependencyMetadataAdapter
Event: 18.243 loading class org/gradle/api/internal/artifacts/repositories/resolver/DirectDependencyMetadataAdapter done
Event: 18.243 loading class org/gradle/api/internal/artifacts/repositories/resolver/AbstractDependencyMetadataAdapter
Event: 18.243 loading class org/gradle/api/internal/artifacts/repositories/resolver/AbstractDependencyMetadataAdapter done
Event: 18.247 loading class org/gradle/api/artifacts/DirectDependencyMetadata
Event: 18.247 loading class org/gradle/api/artifacts/DirectDependencyMetadata done


Dynamic libraries:
0x00007ff6866f0000 - 0x00007ff686721000 	C:\Program Files\Android\Android Studio\jre\bin\java.exe
0x00007ffc9d220000 - 0x00007ffc9d410000 	C:\WINDOWS\SYSTEM32\ntdll.dll
0x00007ffc9b590000 - 0x00007ffc9b642000 	C:\WINDOWS\System32\KERNEL32.DLL
0x00007ffc9a200000 - 0x00007ffc9a4a3000 	C:\WINDOWS\System32\KERNELBASE.dll
0x00007ffc9c9c0000 - 0x00007ffc9ca63000 	C:\WINDOWS\System32\ADVAPI32.dll
0x00007ffc9c480000 - 0x00007ffc9c51e000 	C:\WINDOWS\System32\msvcrt.dll
0x00007ffc9b4f0000 - 0x00007ffc9b587000 	C:\WINDOWS\System32\sechost.dll
0x00007ffc9c6c0000 - 0x00007ffc9c7e0000 	C:\WINDOWS\System32\RPCRT4.dll
0x00007ffc9c520000 - 0x00007ffc9c6b4000 	C:\WINDOWS\System32\USER32.dll
0x00007ffc9afd0000 - 0x00007ffc9aff1000 	C:\WINDOWS\System32\win32u.dll
0x00007ffc9c7e0000 - 0x00007ffc9c806000 	C:\WINDOWS\System32\GDI32.dll
0x00007ffc9a680000 - 0x00007ffc9a814000 	C:\WINDOWS\System32\gdi32full.dll
0x00007ffc9b230000 - 0x00007ffc9b2ce000 	C:\WINDOWS\System32\msvcp_win.dll
0x00007ffc9b130000 - 0x00007ffc9b22a000 	C:\WINDOWS\System32\ucrtbase.dll
0x00007ffc86080000 - 0x00007ffc86305000 	C:\WINDOWS\WinSxS\amd64_microsoft.windows.common-controls_6595b64144ccf1df_6.0.18362.720_none_e6beb5c51314836b\COMCTL32.dll
0x00007ffc9b670000 - 0x00007ffc9b9a6000 	C:\WINDOWS\System32\combase.dll
0x00007ffc9b000000 - 0x00007ffc9b080000 	C:\WINDOWS\System32\bcryptPrimitives.dll
0x00007ffc9cb20000 - 0x00007ffc9cb4e000 	C:\WINDOWS\System32\IMM32.DLL
0x0000000058900000 - 0x00000000589d2000 	C:\Program Files\Android\Android Studio\jre\jre\bin\msvcr100.dll
0x0000000057960000 - 0x00000000581a6000 	C:\Program Files\Android\Android Studio\jre\jre\bin\server\jvm.dll
0x00007ffc9c470000 - 0x00007ffc9c478000 	C:\WINDOWS\System32\PSAPI.DLL
0x00007ffc86790000 - 0x00007ffc86799000 	C:\WINDOWS\SYSTEM32\WSOCK32.dll
0x00007ffc96a70000 - 0x00007ffc96a94000 	C:\WINDOWS\SYSTEM32\WINMM.dll
0x00007ffc98c30000 - 0x00007ffc98c3a000 	C:\WINDOWS\SYSTEM32\VERSION.dll
0x00007ffc9c810000 - 0x00007ffc9c87f000 	C:\WINDOWS\System32\WS2_32.dll
0x00007ffc96a40000 - 0x00007ffc96a6d000 	C:\WINDOWS\SYSTEM32\winmmbase.dll
0x00007ffc9a1b0000 - 0x00007ffc9a1fa000 	C:\WINDOWS\System32\cfgmgr32.dll
0x00007ffc8b860000 - 0x00007ffc8b86f000 	C:\Program Files\Android\Android Studio\jre\jre\bin\verify.dll
0x00007ffc6f470000 - 0x00007ffc6f499000 	C:\Program Files\Android\Android Studio\jre\jre\bin\java.dll
0x00007ffc82770000 - 0x00007ffc82786000 	C:\Program Files\Android\Android Studio\jre\jre\bin\zip.dll
0x00007ffc9bcd0000 - 0x00007ffc9c3b5000 	C:\WINDOWS\System32\SHELL32.dll
0x00007ffc9ca70000 - 0x00007ffc9cb19000 	C:\WINDOWS\System32\shcore.dll
0x00007ffc9a820000 - 0x00007ffc9afa0000 	C:\WINDOWS\System32\windows.storage.dll
0x00007ffc9a180000 - 0x00007ffc9a1a3000 	C:\WINDOWS\System32\profapi.dll
0x00007ffc9a130000 - 0x00007ffc9a17a000 	C:\WINDOWS\System32\powrprof.dll
0x00007ffc9a0e0000 - 0x00007ffc9a0f0000 	C:\WINDOWS\System32\UMPDC.dll
0x00007ffc9c900000 - 0x00007ffc9c952000 	C:\WINDOWS\System32\shlwapi.dll
0x00007ffc9a110000 - 0x00007ffc9a121000 	C:\WINDOWS\System32\kernel.appcore.dll
0x00007ffc9a4b0000 - 0x00007ffc9a4c7000 	C:\WINDOWS\System32\cryptsp.dll
0x00007ffc6f9c0000 - 0x00007ffc6f9da000 	C:\Program Files\Android\Android Studio\jre\jre\bin\net.dll
0x00007ffc891a0000 - 0x00007ffc89375000 	C:\WINDOWS\SYSTEM32\urlmon.dll
0x00007ffc894a0000 - 0x00007ffc89746000 	C:\WINDOWS\SYSTEM32\iertutil.dll
0x00007ffc99ac0000 - 0x00007ffc99acc000 	C:\WINDOWS\SYSTEM32\CRYPTBASE.DLL
0x00007ffc998f0000 - 0x00007ffc99957000 	C:\WINDOWS\system32\mswsock.dll
0x00007ffc69860000 - 0x00007ffc69873000 	C:\Program Files\Android\Android Studio\jre\jre\bin\nio.dll
0x00007ffc8b660000 - 0x00007ffc8b686000 	C:\Users\saksh\.gradle\native\30\windows-amd64\native-platform.dll
0x00007ffc88610000 - 0x00007ffc8861d000 	C:\Program Files\Android\Android Studio\jre\jre\bin\management.dll
0x00007ffc99460000 - 0x00007ffc99493000 	C:\WINDOWS\system32\rsaenh.dll
0x00007ffc9afa0000 - 0x00007ffc9afc6000 	C:\WINDOWS\System32\bcrypt.dll
0x00007ffc99fd0000 - 0x00007ffc99ff5000 	C:\WINDOWS\SYSTEM32\USERENV.dll
0x00007ffc99600000 - 0x00007ffc9963a000 	C:\WINDOWS\SYSTEM32\IPHLPAPI.DLL
0x00007ffc9b650000 - 0x00007ffc9b658000 	C:\WINDOWS\System32\NSI.dll
0x00007ffc8dac0000 - 0x00007ffc8dad6000 	C:\WINDOWS\SYSTEM32\dhcpcsvc6.DLL
0x00007ffc8ddb0000 - 0x00007ffc8ddcc000 	C:\WINDOWS\SYSTEM32\dhcpcsvc.DLL
0x00007ffc99650000 - 0x00007ffc9971a000 	C:\WINDOWS\SYSTEM32\DNSAPI.dll

VM Arguments:
jvm_args: -Xmx1536m -Dfile.encoding=windows-1252 -Duser.country=IN -Duser.language=en -Duser.variant 
java_command: org.gradle.launcher.daemon.bootstrap.GradleDaemon 5.6.4
java_class_path (initial): C:\Users\saksh\.gradle\wrapper\dists\gradle-5.6.4-all\ankdp27end7byghfw1q2sw75f\gradle-5.6.4\lib\gradle-launcher-5.6.4.jar
Launcher Type: SUN_STANDARD

Environment Variables:
PATH=C:\app\saksh\product\11.2.0\dbhome_2\bin;C:\Program Files (x86)\Common Files\Oracle\Java\javapath;C:\Program Files (x86)\Intel\iCLS Client\;C:\Program Files\Intel\iCLS Client\;C:\WINDOWS\system32;C:\WINDOWS;C:\WINDOWS\System32\Wbem;C:\WINDOWS\System32\WindowsPowerShell\v1.0\;C:\WINDOWS\System32\OpenSSH\;C:\Program Files (x86)\Intel\Intel(R) Management Engine Components\DAL;C:\Program Files\Intel\Intel(R) Management Engine Components\DAL;C:\Program Files (x86)\Intel\Intel(R) Management Engine Components\IPT;C:\Program Files\Intel\Intel(R) Management Engine Components\IPT;C:\Program Files\PuTTY\;C:\Program Files\nodejs\;C:\Program Files\Git\cmd;C:\Users\saksh\AppData\Local\Microsoft\WindowsApps;C:\Users\saksh\instantclient-basiclite-windows.x64-19.3.0.0.0dbru;C:\Users\saksh\AppData\Roaming\npm
USERNAME=saksh
OS=Windows_NT
PROCESSOR_IDENTIFIER=Intel64 Family 6 Model 142 Stepping 10, GenuineIntel



---------------  S Y S T E M  ---------------

OS: Windows 10.0 , 64 bit Build 18362 (10.0.18362.329)

CPU:total 8 (initial active 8) (4 cores per cpu, 2 threads per core) family 6 model 142 stepping 10, cmov, cx8, fxsr, mmx, sse, sse2, sse3, ssse3, sse4.1, sse4.2, popcnt, avx, avx2, aes, clmul, erms, 3dnowpref, lzcnt, ht, tsc, tscinvbit, bmi1, bmi2, adx

Memory: 4k page, physical 8295652k(1640096k free), swap 8295652k(9776k free)

vm_info: OpenJDK 64-Bit Server VM (25.212-b04) for windows-amd64 JRE (1.8.0_212-release-1586-b04), built by "builder" with MS VC++ 10.0 (VS2010)

time: Sat Apr 04 20:02:40 2020
timezone: India Standard Time
elapsed time: 18 seconds (0d 0h 0m 18s)

